<?xml version="1.0" encoding="UTF-8"?>
<testsuite xmlns:xsi="http://www.w3.org/2001/XMLSchema-instance" xsi:noNamespaceSchemaLocation="https://maven.apache.org/surefire/maven-surefire-plugin/xsd/surefire-test-report.xsd" name="Ноутбуки" time="417.683" tests="8" errors="3" skipped="0" failures="0">
  <properties>
    <property name="sun.desktop" value="windows"/>
    <property name="awt.toolkit" value="sun.awt.windows.WToolkit"/>
    <property name="java.specification.version" value="11"/>
    <property name="sun.cpu.isalist" value="amd64"/>
    <property name="sun.jnu.encoding" value="Cp1251"/>
    <property name="java.class.path" value="C:\Users\stasp\Desktop\Rep\Cucumber\Cucumber\target\test-classes;C:\Users\stasp\Desktop\Rep\Cucumber\Cucumber\target\classes;C:\Users\stasp\.m2\repository\io\cucumber\cucumber-java\7.8.1\cucumber-java-7.8.1.jar;C:\Users\stasp\.m2\repository\io\cucumber\cucumber-core\7.8.1\cucumber-core-7.8.1.jar;C:\Users\stasp\.m2\repository\io\cucumber\cucumber-gherkin\7.8.1\cucumber-gherkin-7.8.1.jar;C:\Users\stasp\.m2\repository\io\cucumber\cucumber-gherkin-messages\7.8.1\cucumber-gherkin-messages-7.8.1.jar;C:\Users\stasp\.m2\repository\io\cucumber\gherkin\24.0.0\gherkin-24.0.0.jar;C:\Users\stasp\.m2\repository\io\cucumber\messages\19.1.4\messages-19.1.4.jar;C:\Users\stasp\.m2\repository\io\cucumber\tag-expressions\4.1.0\tag-expressions-4.1.0.jar;C:\Users\stasp\.m2\repository\io\cucumber\cucumber-expressions\16.0.0\cucumber-expressions-16.0.0.jar;C:\Users\stasp\.m2\repository\io\cucumber\datatable\7.8.1\datatable-7.8.1.jar;C:\Users\stasp\.m2\repository\io\cucumber\cucumber-plugin\7.8.1\cucumber-plugin-7.8.1.jar;C:\Users\stasp\.m2\repository\io\cucumber\docstring\7.8.1\docstring-7.8.1.jar;C:\Users\stasp\.m2\repository\io\cucumber\html-formatter\20.1.0\html-formatter-20.1.0.jar;C:\Users\stasp\.m2\repository\io\cucumber\ci-environment\9.1.0\ci-environment-9.1.0.jar;C:\Users\stasp\.m2\repository\org\apiguardian\apiguardian-api\1.1.2\apiguardian-api-1.1.2.jar;C:\Users\stasp\.m2\repository\io\cucumber\cucumber-junit-platform-engine\7.8.1\cucumber-junit-platform-engine-7.8.1.jar;C:\Users\stasp\.m2\repository\org\junit\platform\junit-platform-engine\1.9.1\junit-platform-engine-1.9.1.jar;C:\Users\stasp\.m2\repository\org\junit\jupiter\junit-jupiter-api\5.9.0\junit-jupiter-api-5.9.0.jar;C:\Users\stasp\.m2\repository\org\opentest4j\opentest4j\1.2.0\opentest4j-1.2.0.jar;C:\Users\stasp\.m2\repository\org\junit\platform\junit-platform-commons\1.9.0\junit-platform-commons-1.9.0.jar;C:\Users\stasp\.m2\repository\org\junit\platform\junit-platform-suite\1.9.0\junit-platform-suite-1.9.0.jar;C:\Users\stasp\.m2\repository\org\junit\platform\junit-platform-suite-api\1.9.0\junit-platform-suite-api-1.9.0.jar;C:\Users\stasp\.m2\repository\org\junit\platform\junit-platform-suite-engine\1.9.0\junit-platform-suite-engine-1.9.0.jar;C:\Users\stasp\.m2\repository\org\junit\platform\junit-platform-suite-commons\1.9.0\junit-platform-suite-commons-1.9.0.jar;C:\Users\stasp\.m2\repository\org\junit\platform\junit-platform-launcher\1.9.0\junit-platform-launcher-1.9.0.jar;C:\Users\stasp\.m2\repository\org\seleniumhq\selenium\selenium-java\4.6.0\selenium-java-4.6.0.jar;C:\Users\stasp\.m2\repository\org\seleniumhq\selenium\selenium-api\4.6.0\selenium-api-4.6.0.jar;C:\Users\stasp\.m2\repository\org\seleniumhq\selenium\selenium-chrome-driver\4.6.0\selenium-chrome-driver-4.6.0.jar;C:\Users\stasp\.m2\repository\com\google\auto\service\auto-service-annotations\1.0.1\auto-service-annotations-1.0.1.jar;C:\Users\stasp\.m2\repository\com\google\auto\service\auto-service\1.0.1\auto-service-1.0.1.jar;C:\Users\stasp\.m2\repository\com\google\auto\auto-common\1.2\auto-common-1.2.jar;C:\Users\stasp\.m2\repository\com\google\guava\guava\31.1-jre\guava-31.1-jre.jar;C:\Users\stasp\.m2\repository\com\google\guava\failureaccess\1.0.1\failureaccess-1.0.1.jar;C:\Users\stasp\.m2\repository\com\google\guava\listenablefuture\9999.0-empty-to-avoid-conflict-with-guava\listenablefuture-9999.0-empty-to-avoid-conflict-with-guava.jar;C:\Users\stasp\.m2\repository\com\google\code\findbugs\jsr305\3.0.2\jsr305-3.0.2.jar;C:\Users\stasp\.m2\repository\org\checkerframework\checker-qual\3.12.0\checker-qual-3.12.0.jar;C:\Users\stasp\.m2\repository\com\google\errorprone\error_prone_annotations\2.11.0\error_prone_annotations-2.11.0.jar;C:\Users\stasp\.m2\repository\com\google\j2objc\j2objc-annotations\1.3\j2objc-annotations-1.3.jar;C:\Users\stasp\.m2\repository\org\seleniumhq\selenium\selenium-chromium-driver\4.6.0\selenium-chromium-driver-4.6.0.jar;C:\Users\stasp\.m2\repository\org\seleniumhq\selenium\selenium-json\4.6.0\selenium-json-4.6.0.jar;C:\Users\stasp\.m2\repository\org\seleniumhq\selenium\selenium-devtools-v105\4.6.0\selenium-devtools-v105-4.6.0.jar;C:\Users\stasp\.m2\repository\org\seleniumhq\selenium\selenium-devtools-v106\4.6.0\selenium-devtools-v106-4.6.0.jar;C:\Users\stasp\.m2\repository\org\seleniumhq\selenium\selenium-devtools-v107\4.6.0\selenium-devtools-v107-4.6.0.jar;C:\Users\stasp\.m2\repository\org\seleniumhq\selenium\selenium-devtools-v85\4.6.0\selenium-devtools-v85-4.6.0.jar;C:\Users\stasp\.m2\repository\org\seleniumhq\selenium\selenium-edge-driver\4.6.0\selenium-edge-driver-4.6.0.jar;C:\Users\stasp\.m2\repository\org\seleniumhq\selenium\selenium-firefox-driver\4.6.0\selenium-firefox-driver-4.6.0.jar;C:\Users\stasp\.m2\repository\org\seleniumhq\selenium\selenium-ie-driver\4.6.0\selenium-ie-driver-4.6.0.jar;C:\Users\stasp\.m2\repository\org\seleniumhq\selenium\selenium-remote-driver\4.6.0\selenium-remote-driver-4.6.0.jar;C:\Users\stasp\.m2\repository\com\beust\jcommander\1.82\jcommander-1.82.jar;C:\Users\stasp\.m2\repository\io\netty\netty-buffer\4.1.84.Final\netty-buffer-4.1.84.Final.jar;C:\Users\stasp\.m2\repository\io\netty\netty-codec-http\4.1.84.Final\netty-codec-http-4.1.84.Final.jar;C:\Users\stasp\.m2\repository\io\netty\netty-codec\4.1.84.Final\netty-codec-4.1.84.Final.jar;C:\Users\stasp\.m2\repository\io\netty\netty-handler\4.1.84.Final\netty-handler-4.1.84.Final.jar;C:\Users\stasp\.m2\repository\io\netty\netty-common\4.1.84.Final\netty-common-4.1.84.Final.jar;C:\Users\stasp\.m2\repository\io\netty\netty-transport-classes-epoll\4.1.84.Final\netty-transport-classes-epoll-4.1.84.Final.jar;C:\Users\stasp\.m2\repository\io\netty\netty-transport-classes-kqueue\4.1.84.Final\netty-transport-classes-kqueue-4.1.84.Final.jar;C:\Users\stasp\.m2\repository\io\netty\netty-transport-native-epoll\4.1.84.Final\netty-transport-native-epoll-4.1.84.Final.jar;C:\Users\stasp\.m2\repository\io\netty\netty-transport-native-kqueue\4.1.84.Final\netty-transport-native-kqueue-4.1.84.Final.jar;C:\Users\stasp\.m2\repository\io\netty\netty-transport-native-unix-common\4.1.84.Final\netty-transport-native-unix-common-4.1.84.Final.jar;C:\Users\stasp\.m2\repository\io\netty\netty-transport\4.1.84.Final\netty-transport-4.1.84.Final.jar;C:\Users\stasp\.m2\repository\io\netty\netty-resolver\4.1.84.Final\netty-resolver-4.1.84.Final.jar;C:\Users\stasp\.m2\repository\io\opentelemetry\opentelemetry-api\1.19.0\opentelemetry-api-1.19.0.jar;C:\Users\stasp\.m2\repository\io\opentelemetry\opentelemetry-context\1.19.0\opentelemetry-context-1.19.0.jar;C:\Users\stasp\.m2\repository\io\opentelemetry\opentelemetry-exporter-logging\1.19.0\opentelemetry-exporter-logging-1.19.0.jar;C:\Users\stasp\.m2\repository\io\opentelemetry\opentelemetry-sdk-metrics\1.19.0\opentelemetry-sdk-metrics-1.19.0.jar;C:\Users\stasp\.m2\repository\io\opentelemetry\opentelemetry-sdk-logs\1.19.0-alpha\opentelemetry-sdk-logs-1.19.0-alpha.jar;C:\Users\stasp\.m2\repository\io\opentelemetry\opentelemetry-api-logs\1.19.0-alpha\opentelemetry-api-logs-1.19.0-alpha.jar;C:\Users\stasp\.m2\repository\io\opentelemetry\opentelemetry-sdk-common\1.19.0\opentelemetry-sdk-common-1.19.0.jar;C:\Users\stasp\.m2\repository\io\opentelemetry\opentelemetry-sdk-extension-autoconfigure-spi\1.19.0\opentelemetry-sdk-extension-autoconfigure-spi-1.19.0.jar;C:\Users\stasp\.m2\repository\io\opentelemetry\opentelemetry-sdk-extension-autoconfigure\1.19.0-alpha\opentelemetry-sdk-extension-autoconfigure-1.19.0-alpha.jar;C:\Users\stasp\.m2\repository\io\opentelemetry\opentelemetry-exporter-common\1.19.0\opentelemetry-exporter-common-1.19.0.jar;C:\Users\stasp\.m2\repository\io\opentelemetry\opentelemetry-sdk-trace\1.19.0\opentelemetry-sdk-trace-1.19.0.jar;C:\Users\stasp\.m2\repository\io\opentelemetry\opentelemetry-sdk\1.19.0\opentelemetry-sdk-1.19.0.jar;C:\Users\stasp\.m2\repository\io\opentelemetry\opentelemetry-semconv\1.19.0-alpha\opentelemetry-semconv-1.19.0-alpha.jar;C:\Users\stasp\.m2\repository\io\ous\jtoml\2.0.0\jtoml-2.0.0.jar;C:\Users\stasp\.m2\repository\net\bytebuddy\byte-buddy\1.12.18\byte-buddy-1.12.18.jar;C:\Users\stasp\.m2\repository\org\apache\commons\commons-exec\1.3\commons-exec-1.3.jar;C:\Users\stasp\.m2\repository\org\asynchttpclient\async-http-client\2.12.3\async-http-client-2.12.3.jar;C:\Users\stasp\.m2\repository\org\asynchttpclient\async-http-client-netty-utils\2.12.3\async-http-client-netty-utils-2.12.3.jar;C:\Users\stasp\.m2\repository\io\netty\netty-codec-socks\4.1.60.Final\netty-codec-socks-4.1.60.Final.jar;C:\Users\stasp\.m2\repository\io\netty\netty-handler-proxy\4.1.60.Final\netty-handler-proxy-4.1.60.Final.jar;C:\Users\stasp\.m2\repository\io\netty\netty-transport-native-epoll\4.1.60.Final\netty-transport-native-epoll-4.1.60.Final-linux-x86_64.jar;C:\Users\stasp\.m2\repository\io\netty\netty-transport-native-kqueue\4.1.60.Final\netty-transport-native-kqueue-4.1.60.Final-osx-x86_64.jar;C:\Users\stasp\.m2\repository\org\reactivestreams\reactive-streams\1.0.3\reactive-streams-1.0.3.jar;C:\Users\stasp\.m2\repository\com\typesafe\netty\netty-reactive-streams\2.0.4\netty-reactive-streams-2.0.4.jar;C:\Users\stasp\.m2\repository\com\sun\activation\jakarta.activation\1.2.2\jakarta.activation-1.2.2.jar;C:\Users\stasp\.m2\repository\org\seleniumhq\selenium\selenium-http\4.6.0\selenium-http-4.6.0.jar;C:\Users\stasp\.m2\repository\dev\failsafe\failsafe\3.3.0\failsafe-3.3.0.jar;C:\Users\stasp\.m2\repository\org\seleniumhq\selenium\selenium-manager\4.6.0\selenium-manager-4.6.0.jar;C:\Users\stasp\.m2\repository\org\seleniumhq\selenium\selenium-safari-driver\4.6.0\selenium-safari-driver-4.6.0.jar;C:\Users\stasp\.m2\repository\org\seleniumhq\selenium\selenium-support\4.6.0\selenium-support-4.6.0.jar;C:\Users\stasp\.m2\repository\io\github\bonigarcia\webdrivermanager\5.3.1\webdrivermanager-5.3.1.jar;C:\Users\stasp\.m2\repository\org\slf4j\slf4j-api\2.0.3\slf4j-api-2.0.3.jar;C:\Users\stasp\.m2\repository\com\google\code\gson\gson\2.10\gson-2.10.jar;C:\Users\stasp\.m2\repository\com\github\docker-java\docker-java\3.2.13\docker-java-3.2.13.jar;C:\Users\stasp\.m2\repository\com\github\docker-java\docker-java-core\3.2.13\docker-java-core-3.2.13.jar;C:\Users\stasp\.m2\repository\com\github\docker-java\docker-java-api\3.2.13\docker-java-api-3.2.13.jar;C:\Users\stasp\.m2\repository\com\fasterxml\jackson\core\jackson-annotations\2.10.3\jackson-annotations-2.10.3.jar;C:\Users\stasp\.m2\repository\org\apache\commons\commons-compress\1.21\commons-compress-1.21.jar;C:\Users\stasp\.m2\repository\com\fasterxml\jackson\core\jackson-databind\2.10.3\jackson-databind-2.10.3.jar;C:\Users\stasp\.m2\repository\com\fasterxml\jackson\core\jackson-core\2.10.3\jackson-core-2.10.3.jar;C:\Users\stasp\.m2\repository\org\bouncycastle\bcpkix-jdk15on\1.64\bcpkix-jdk15on-1.64.jar;C:\Users\stasp\.m2\repository\org\bouncycastle\bcprov-jdk15on\1.64\bcprov-jdk15on-1.64.jar;C:\Users\stasp\.m2\repository\org\slf4j\jcl-over-slf4j\1.7.30\jcl-over-slf4j-1.7.30.jar;C:\Users\stasp\.m2\repository\com\github\docker-java\docker-java-transport-httpclient5\3.2.13\docker-java-transport-httpclient5-3.2.13.jar;C:\Users\stasp\.m2\repository\com\github\docker-java\docker-java-transport\3.2.13\docker-java-transport-3.2.13.jar;C:\Users\stasp\.m2\repository\net\java\dev\jna\jna\5.8.0\jna-5.8.0.jar;C:\Users\stasp\.m2\repository\org\brotli\dec\0.1.2\dec-0.1.2.jar;C:\Users\stasp\.m2\repository\org\apache\commons\commons-lang3\3.12.0\commons-lang3-3.12.0.jar;C:\Users\stasp\.m2\repository\org\apache\httpcomponents\client5\httpclient5\5.1.3\httpclient5-5.1.3.jar;C:\Users\stasp\.m2\repository\org\apache\httpcomponents\core5\httpcore5\5.1.3\httpcore5-5.1.3.jar;C:\Users\stasp\.m2\repository\org\apache\httpcomponents\core5\httpcore5-h2\5.1.3\httpcore5-h2-5.1.3.jar;C:\Users\stasp\.m2\repository\commons-codec\commons-codec\1.15\commons-codec-1.15.jar;C:\Users\stasp\.m2\repository\org\slf4j\slf4j-log4j12\2.0.0-alpha5\slf4j-log4j12-2.0.0-alpha5.jar;C:\Users\stasp\.m2\repository\log4j\log4j\1.2.17\log4j-1.2.17.jar;C:\Users\stasp\.m2\repository\org\apache\logging\log4j\log4j-api\2.19.0\log4j-api-2.19.0.jar;C:\Users\stasp\.m2\repository\org\apache\logging\log4j\log4j-core\2.19.0\log4j-core-2.19.0.jar;C:\Users\stasp\.m2\repository\ru\yandex\qatools\ashot\ashot\1.5.4\ashot-1.5.4.jar;C:\Users\stasp\.m2\repository\commons-io\commons-io\2.5\commons-io-2.5.jar;C:\Users\stasp\.m2\repository\org\hamcrest\hamcrest-core\1.3\hamcrest-core-1.3.jar;C:\Users\stasp\.m2\repository\junit\junit\4.13.2\junit-4.13.2.jar;"/>
    <property name="java.vm.vendor" value="Oracle Corporation"/>
    <property name="sun.arch.data.model" value="64"/>
    <property name="user.variant" value=""/>
    <property name="java.vendor.url" value="https://openjdk.java.net/"/>
    <property name="user.timezone" value="Europe/Moscow"/>
    <property name="java.vm.specification.version" value="11"/>
    <property name="os.name" value="Windows 10"/>
    <property name="sun.java.launcher" value="SUN_STANDARD"/>
    <property name="user.country" value="RU"/>
    <property name="sun.boot.library.path" value="C:\Program Files\Java\jdk-11.0.16.1\bin"/>
    <property name="sun.java.command" value="C:\Users\stasp\AppData\Local\Temp\surefire11594743168794022551\surefirebooter6490525112887691641.jar C:\Users\stasp\AppData\Local\Temp\surefire11594743168794022551 2022-12-10T20-19-53_264-jvmRun1 surefire5254134973339123374tmp surefire_05575372545325921772tmp"/>
    <property name="jdk.debug" value="release"/>
    <property name="surefire.test.class.path" value="C:\Users\stasp\Desktop\Rep\Cucumber\Cucumber\target\test-classes;C:\Users\stasp\Desktop\Rep\Cucumber\Cucumber\target\classes;C:\Users\stasp\.m2\repository\io\cucumber\cucumber-java\7.8.1\cucumber-java-7.8.1.jar;C:\Users\stasp\.m2\repository\io\cucumber\cucumber-core\7.8.1\cucumber-core-7.8.1.jar;C:\Users\stasp\.m2\repository\io\cucumber\cucumber-gherkin\7.8.1\cucumber-gherkin-7.8.1.jar;C:\Users\stasp\.m2\repository\io\cucumber\cucumber-gherkin-messages\7.8.1\cucumber-gherkin-messages-7.8.1.jar;C:\Users\stasp\.m2\repository\io\cucumber\gherkin\24.0.0\gherkin-24.0.0.jar;C:\Users\stasp\.m2\repository\io\cucumber\messages\19.1.4\messages-19.1.4.jar;C:\Users\stasp\.m2\repository\io\cucumber\tag-expressions\4.1.0\tag-expressions-4.1.0.jar;C:\Users\stasp\.m2\repository\io\cucumber\cucumber-expressions\16.0.0\cucumber-expressions-16.0.0.jar;C:\Users\stasp\.m2\repository\io\cucumber\datatable\7.8.1\datatable-7.8.1.jar;C:\Users\stasp\.m2\repository\io\cucumber\cucumber-plugin\7.8.1\cucumber-plugin-7.8.1.jar;C:\Users\stasp\.m2\repository\io\cucumber\docstring\7.8.1\docstring-7.8.1.jar;C:\Users\stasp\.m2\repository\io\cucumber\html-formatter\20.1.0\html-formatter-20.1.0.jar;C:\Users\stasp\.m2\repository\io\cucumber\ci-environment\9.1.0\ci-environment-9.1.0.jar;C:\Users\stasp\.m2\repository\org\apiguardian\apiguardian-api\1.1.2\apiguardian-api-1.1.2.jar;C:\Users\stasp\.m2\repository\io\cucumber\cucumber-junit-platform-engine\7.8.1\cucumber-junit-platform-engine-7.8.1.jar;C:\Users\stasp\.m2\repository\org\junit\platform\junit-platform-engine\1.9.1\junit-platform-engine-1.9.1.jar;C:\Users\stasp\.m2\repository\org\junit\jupiter\junit-jupiter-api\5.9.0\junit-jupiter-api-5.9.0.jar;C:\Users\stasp\.m2\repository\org\opentest4j\opentest4j\1.2.0\opentest4j-1.2.0.jar;C:\Users\stasp\.m2\repository\org\junit\platform\junit-platform-commons\1.9.0\junit-platform-commons-1.9.0.jar;C:\Users\stasp\.m2\repository\org\junit\platform\junit-platform-suite\1.9.0\junit-platform-suite-1.9.0.jar;C:\Users\stasp\.m2\repository\org\junit\platform\junit-platform-suite-api\1.9.0\junit-platform-suite-api-1.9.0.jar;C:\Users\stasp\.m2\repository\org\junit\platform\junit-platform-suite-engine\1.9.0\junit-platform-suite-engine-1.9.0.jar;C:\Users\stasp\.m2\repository\org\junit\platform\junit-platform-suite-commons\1.9.0\junit-platform-suite-commons-1.9.0.jar;C:\Users\stasp\.m2\repository\org\junit\platform\junit-platform-launcher\1.9.0\junit-platform-launcher-1.9.0.jar;C:\Users\stasp\.m2\repository\org\seleniumhq\selenium\selenium-java\4.6.0\selenium-java-4.6.0.jar;C:\Users\stasp\.m2\repository\org\seleniumhq\selenium\selenium-api\4.6.0\selenium-api-4.6.0.jar;C:\Users\stasp\.m2\repository\org\seleniumhq\selenium\selenium-chrome-driver\4.6.0\selenium-chrome-driver-4.6.0.jar;C:\Users\stasp\.m2\repository\com\google\auto\service\auto-service-annotations\1.0.1\auto-service-annotations-1.0.1.jar;C:\Users\stasp\.m2\repository\com\google\auto\service\auto-service\1.0.1\auto-service-1.0.1.jar;C:\Users\stasp\.m2\repository\com\google\auto\auto-common\1.2\auto-common-1.2.jar;C:\Users\stasp\.m2\repository\com\google\guava\guava\31.1-jre\guava-31.1-jre.jar;C:\Users\stasp\.m2\repository\com\google\guava\failureaccess\1.0.1\failureaccess-1.0.1.jar;C:\Users\stasp\.m2\repository\com\google\guava\listenablefuture\9999.0-empty-to-avoid-conflict-with-guava\listenablefuture-9999.0-empty-to-avoid-conflict-with-guava.jar;C:\Users\stasp\.m2\repository\com\google\code\findbugs\jsr305\3.0.2\jsr305-3.0.2.jar;C:\Users\stasp\.m2\repository\org\checkerframework\checker-qual\3.12.0\checker-qual-3.12.0.jar;C:\Users\stasp\.m2\repository\com\google\errorprone\error_prone_annotations\2.11.0\error_prone_annotations-2.11.0.jar;C:\Users\stasp\.m2\repository\com\google\j2objc\j2objc-annotations\1.3\j2objc-annotations-1.3.jar;C:\Users\stasp\.m2\repository\org\seleniumhq\selenium\selenium-chromium-driver\4.6.0\selenium-chromium-driver-4.6.0.jar;C:\Users\stasp\.m2\repository\org\seleniumhq\selenium\selenium-json\4.6.0\selenium-json-4.6.0.jar;C:\Users\stasp\.m2\repository\org\seleniumhq\selenium\selenium-devtools-v105\4.6.0\selenium-devtools-v105-4.6.0.jar;C:\Users\stasp\.m2\repository\org\seleniumhq\selenium\selenium-devtools-v106\4.6.0\selenium-devtools-v106-4.6.0.jar;C:\Users\stasp\.m2\repository\org\seleniumhq\selenium\selenium-devtools-v107\4.6.0\selenium-devtools-v107-4.6.0.jar;C:\Users\stasp\.m2\repository\org\seleniumhq\selenium\selenium-devtools-v85\4.6.0\selenium-devtools-v85-4.6.0.jar;C:\Users\stasp\.m2\repository\org\seleniumhq\selenium\selenium-edge-driver\4.6.0\selenium-edge-driver-4.6.0.jar;C:\Users\stasp\.m2\repository\org\seleniumhq\selenium\selenium-firefox-driver\4.6.0\selenium-firefox-driver-4.6.0.jar;C:\Users\stasp\.m2\repository\org\seleniumhq\selenium\selenium-ie-driver\4.6.0\selenium-ie-driver-4.6.0.jar;C:\Users\stasp\.m2\repository\org\seleniumhq\selenium\selenium-remote-driver\4.6.0\selenium-remote-driver-4.6.0.jar;C:\Users\stasp\.m2\repository\com\beust\jcommander\1.82\jcommander-1.82.jar;C:\Users\stasp\.m2\repository\io\netty\netty-buffer\4.1.84.Final\netty-buffer-4.1.84.Final.jar;C:\Users\stasp\.m2\repository\io\netty\netty-codec-http\4.1.84.Final\netty-codec-http-4.1.84.Final.jar;C:\Users\stasp\.m2\repository\io\netty\netty-codec\4.1.84.Final\netty-codec-4.1.84.Final.jar;C:\Users\stasp\.m2\repository\io\netty\netty-handler\4.1.84.Final\netty-handler-4.1.84.Final.jar;C:\Users\stasp\.m2\repository\io\netty\netty-common\4.1.84.Final\netty-common-4.1.84.Final.jar;C:\Users\stasp\.m2\repository\io\netty\netty-transport-classes-epoll\4.1.84.Final\netty-transport-classes-epoll-4.1.84.Final.jar;C:\Users\stasp\.m2\repository\io\netty\netty-transport-classes-kqueue\4.1.84.Final\netty-transport-classes-kqueue-4.1.84.Final.jar;C:\Users\stasp\.m2\repository\io\netty\netty-transport-native-epoll\4.1.84.Final\netty-transport-native-epoll-4.1.84.Final.jar;C:\Users\stasp\.m2\repository\io\netty\netty-transport-native-kqueue\4.1.84.Final\netty-transport-native-kqueue-4.1.84.Final.jar;C:\Users\stasp\.m2\repository\io\netty\netty-transport-native-unix-common\4.1.84.Final\netty-transport-native-unix-common-4.1.84.Final.jar;C:\Users\stasp\.m2\repository\io\netty\netty-transport\4.1.84.Final\netty-transport-4.1.84.Final.jar;C:\Users\stasp\.m2\repository\io\netty\netty-resolver\4.1.84.Final\netty-resolver-4.1.84.Final.jar;C:\Users\stasp\.m2\repository\io\opentelemetry\opentelemetry-api\1.19.0\opentelemetry-api-1.19.0.jar;C:\Users\stasp\.m2\repository\io\opentelemetry\opentelemetry-context\1.19.0\opentelemetry-context-1.19.0.jar;C:\Users\stasp\.m2\repository\io\opentelemetry\opentelemetry-exporter-logging\1.19.0\opentelemetry-exporter-logging-1.19.0.jar;C:\Users\stasp\.m2\repository\io\opentelemetry\opentelemetry-sdk-metrics\1.19.0\opentelemetry-sdk-metrics-1.19.0.jar;C:\Users\stasp\.m2\repository\io\opentelemetry\opentelemetry-sdk-logs\1.19.0-alpha\opentelemetry-sdk-logs-1.19.0-alpha.jar;C:\Users\stasp\.m2\repository\io\opentelemetry\opentelemetry-api-logs\1.19.0-alpha\opentelemetry-api-logs-1.19.0-alpha.jar;C:\Users\stasp\.m2\repository\io\opentelemetry\opentelemetry-sdk-common\1.19.0\opentelemetry-sdk-common-1.19.0.jar;C:\Users\stasp\.m2\repository\io\opentelemetry\opentelemetry-sdk-extension-autoconfigure-spi\1.19.0\opentelemetry-sdk-extension-autoconfigure-spi-1.19.0.jar;C:\Users\stasp\.m2\repository\io\opentelemetry\opentelemetry-sdk-extension-autoconfigure\1.19.0-alpha\opentelemetry-sdk-extension-autoconfigure-1.19.0-alpha.jar;C:\Users\stasp\.m2\repository\io\opentelemetry\opentelemetry-exporter-common\1.19.0\opentelemetry-exporter-common-1.19.0.jar;C:\Users\stasp\.m2\repository\io\opentelemetry\opentelemetry-sdk-trace\1.19.0\opentelemetry-sdk-trace-1.19.0.jar;C:\Users\stasp\.m2\repository\io\opentelemetry\opentelemetry-sdk\1.19.0\opentelemetry-sdk-1.19.0.jar;C:\Users\stasp\.m2\repository\io\opentelemetry\opentelemetry-semconv\1.19.0-alpha\opentelemetry-semconv-1.19.0-alpha.jar;C:\Users\stasp\.m2\repository\io\ous\jtoml\2.0.0\jtoml-2.0.0.jar;C:\Users\stasp\.m2\repository\net\bytebuddy\byte-buddy\1.12.18\byte-buddy-1.12.18.jar;C:\Users\stasp\.m2\repository\org\apache\commons\commons-exec\1.3\commons-exec-1.3.jar;C:\Users\stasp\.m2\repository\org\asynchttpclient\async-http-client\2.12.3\async-http-client-2.12.3.jar;C:\Users\stasp\.m2\repository\org\asynchttpclient\async-http-client-netty-utils\2.12.3\async-http-client-netty-utils-2.12.3.jar;C:\Users\stasp\.m2\repository\io\netty\netty-codec-socks\4.1.60.Final\netty-codec-socks-4.1.60.Final.jar;C:\Users\stasp\.m2\repository\io\netty\netty-handler-proxy\4.1.60.Final\netty-handler-proxy-4.1.60.Final.jar;C:\Users\stasp\.m2\repository\io\netty\netty-transport-native-epoll\4.1.60.Final\netty-transport-native-epoll-4.1.60.Final-linux-x86_64.jar;C:\Users\stasp\.m2\repository\io\netty\netty-transport-native-kqueue\4.1.60.Final\netty-transport-native-kqueue-4.1.60.Final-osx-x86_64.jar;C:\Users\stasp\.m2\repository\org\reactivestreams\reactive-streams\1.0.3\reactive-streams-1.0.3.jar;C:\Users\stasp\.m2\repository\com\typesafe\netty\netty-reactive-streams\2.0.4\netty-reactive-streams-2.0.4.jar;C:\Users\stasp\.m2\repository\com\sun\activation\jakarta.activation\1.2.2\jakarta.activation-1.2.2.jar;C:\Users\stasp\.m2\repository\org\seleniumhq\selenium\selenium-http\4.6.0\selenium-http-4.6.0.jar;C:\Users\stasp\.m2\repository\dev\failsafe\failsafe\3.3.0\failsafe-3.3.0.jar;C:\Users\stasp\.m2\repository\org\seleniumhq\selenium\selenium-manager\4.6.0\selenium-manager-4.6.0.jar;C:\Users\stasp\.m2\repository\org\seleniumhq\selenium\selenium-safari-driver\4.6.0\selenium-safari-driver-4.6.0.jar;C:\Users\stasp\.m2\repository\org\seleniumhq\selenium\selenium-support\4.6.0\selenium-support-4.6.0.jar;C:\Users\stasp\.m2\repository\io\github\bonigarcia\webdrivermanager\5.3.1\webdrivermanager-5.3.1.jar;C:\Users\stasp\.m2\repository\org\slf4j\slf4j-api\2.0.3\slf4j-api-2.0.3.jar;C:\Users\stasp\.m2\repository\com\google\code\gson\gson\2.10\gson-2.10.jar;C:\Users\stasp\.m2\repository\com\github\docker-java\docker-java\3.2.13\docker-java-3.2.13.jar;C:\Users\stasp\.m2\repository\com\github\docker-java\docker-java-core\3.2.13\docker-java-core-3.2.13.jar;C:\Users\stasp\.m2\repository\com\github\docker-java\docker-java-api\3.2.13\docker-java-api-3.2.13.jar;C:\Users\stasp\.m2\repository\com\fasterxml\jackson\core\jackson-annotations\2.10.3\jackson-annotations-2.10.3.jar;C:\Users\stasp\.m2\repository\org\apache\commons\commons-compress\1.21\commons-compress-1.21.jar;C:\Users\stasp\.m2\repository\com\fasterxml\jackson\core\jackson-databind\2.10.3\jackson-databind-2.10.3.jar;C:\Users\stasp\.m2\repository\com\fasterxml\jackson\core\jackson-core\2.10.3\jackson-core-2.10.3.jar;C:\Users\stasp\.m2\repository\org\bouncycastle\bcpkix-jdk15on\1.64\bcpkix-jdk15on-1.64.jar;C:\Users\stasp\.m2\repository\org\bouncycastle\bcprov-jdk15on\1.64\bcprov-jdk15on-1.64.jar;C:\Users\stasp\.m2\repository\org\slf4j\jcl-over-slf4j\1.7.30\jcl-over-slf4j-1.7.30.jar;C:\Users\stasp\.m2\repository\com\github\docker-java\docker-java-transport-httpclient5\3.2.13\docker-java-transport-httpclient5-3.2.13.jar;C:\Users\stasp\.m2\repository\com\github\docker-java\docker-java-transport\3.2.13\docker-java-transport-3.2.13.jar;C:\Users\stasp\.m2\repository\net\java\dev\jna\jna\5.8.0\jna-5.8.0.jar;C:\Users\stasp\.m2\repository\org\brotli\dec\0.1.2\dec-0.1.2.jar;C:\Users\stasp\.m2\repository\org\apache\commons\commons-lang3\3.12.0\commons-lang3-3.12.0.jar;C:\Users\stasp\.m2\repository\org\apache\httpcomponents\client5\httpclient5\5.1.3\httpclient5-5.1.3.jar;C:\Users\stasp\.m2\repository\org\apache\httpcomponents\core5\httpcore5\5.1.3\httpcore5-5.1.3.jar;C:\Users\stasp\.m2\repository\org\apache\httpcomponents\core5\httpcore5-h2\5.1.3\httpcore5-h2-5.1.3.jar;C:\Users\stasp\.m2\repository\commons-codec\commons-codec\1.15\commons-codec-1.15.jar;C:\Users\stasp\.m2\repository\org\slf4j\slf4j-log4j12\2.0.0-alpha5\slf4j-log4j12-2.0.0-alpha5.jar;C:\Users\stasp\.m2\repository\log4j\log4j\1.2.17\log4j-1.2.17.jar;C:\Users\stasp\.m2\repository\org\apache\logging\log4j\log4j-api\2.19.0\log4j-api-2.19.0.jar;C:\Users\stasp\.m2\repository\org\apache\logging\log4j\log4j-core\2.19.0\log4j-core-2.19.0.jar;C:\Users\stasp\.m2\repository\ru\yandex\qatools\ashot\ashot\1.5.4\ashot-1.5.4.jar;C:\Users\stasp\.m2\repository\commons-io\commons-io\2.5\commons-io-2.5.jar;C:\Users\stasp\.m2\repository\org\hamcrest\hamcrest-core\1.3\hamcrest-core-1.3.jar;C:\Users\stasp\.m2\repository\junit\junit\4.13.2\junit-4.13.2.jar;"/>
    <property name="sun.cpu.endian" value="little"/>
    <property name="user.home" value="C:\Users\stasp"/>
    <property name="user.language" value="ru"/>
    <property name="java.specification.vendor" value="Oracle Corporation"/>
    <property name="java.version.date" value="2022-08-18"/>
    <property name="java.home" value="C:\Program Files\Java\jdk-11.0.16.1"/>
    <property name="file.separator" value="\"/>
    <property name="basedir" value="C:\Users\stasp\Desktop\Rep\Cucumber\Cucumber"/>
    <property name="java.vm.compressedOopsMode" value="32-bit"/>
    <property name="line.separator" value="&#10;"/>
    <property name="java.specification.name" value="Java Platform API Specification"/>
    <property name="java.vm.specification.vendor" value="Oracle Corporation"/>
    <property name="java.awt.graphicsenv" value="sun.awt.Win32GraphicsEnvironment"/>
    <property name="surefire.real.class.path" value="C:\Users\stasp\AppData\Local\Temp\surefire11594743168794022551\surefirebooter6490525112887691641.jar"/>
    <property name="user.script" value=""/>
    <property name="sun.management.compiler" value="HotSpot 64-Bit Tiered Compilers"/>
    <property name="java.runtime.version" value="11.0.16.1+1-LTS-1"/>
    <property name="user.name" value="stasp"/>
    <property name="path.separator" value=";"/>
    <property name="os.version" value="10.0"/>
    <property name="java.runtime.name" value="Java(TM) SE Runtime Environment"/>
    <property name="file.encoding" value="Cp1251"/>
    <property name="java.vm.name" value="Java HotSpot(TM) 64-Bit Server VM"/>
    <property name="java.vendor.version" value="18.9"/>
    <property name="localRepository" value="C:\Users\stasp\.m2\repository"/>
    <property name="java.vendor.url.bug" value="https://bugreport.java.com/bugreport/"/>
    <property name="java.io.tmpdir" value="C:\Users\stasp\AppData\Local\Temp\"/>
    <property name="idea.version" value="2022.2.3"/>
    <property name="java.version" value="11.0.16.1"/>
    <property name="user.dir" value="C:\Users\stasp\Desktop\Rep\Cucumber\Cucumber"/>
    <property name="os.arch" value="amd64"/>
    <property name="java.vm.specification.name" value="Java Virtual Machine Specification"/>
    <property name="java.awt.printerjob" value="sun.awt.windows.WPrinterJob"/>
    <property name="sun.os.patch.level" value=""/>
    <property name="java.library.path" value="C:\Program Files\Java\jdk-11.0.16.1\bin;C:\WINDOWS\Sun\Java\bin;C:\WINDOWS\system32;C:\WINDOWS;C:\Program Files\Common Files\Oracle\Java\javapath;C:\gcc\bin;C:\gcc\libexec\gcc\x86_64-w64-mingw32\9.2.0;C:\Program Files (x86)\Common Files\Intel\OpenCL\windows\compiler\lib\intel64_win;C:\Program Files (x86)\Common Files\Intel\OpenCL\windows\compiler\lib\ia32_win;C:\Windows\system32;C:\Windows;C:\Windows\System32\Wbem;C:\Windows\System32\WindowsPowerShell\v1.0\;C:\Program Files (x86)\NVIDIA Corporation\PhysX\Common;C:\Program Files\Intel\WiFi\bin\;C:\Program Files\Common Files\Intel\WirelessCommon\;C:\WINDOWS\system32;C:\WINDOWS;C:\WINDOWS\System32\Wbem;C:\WINDOWS\System32\WindowsPowerShell\v1.0\;C:\WINDOWS\System32\OpenSSH\;C:\Program Files\NVIDIA Corporation\NVIDIA NvDLISR;C:\Program Files\PuTTY\;c:\Program Files (x86)\Microsoft SQL Server\100\Tools\Binn\;c:\Program Files (x86)\Microsoft SQL Server\100\DTS\Binn\;C:\Program Files\dotnet\;C:\Program Files\Microsoft SQL Server\130\Tools\Binn\;C:\Program Files\Microsoft SQL Server\Client SDK\ODBC\170\Tools\Binn\;C:\PHP;C:\ProgramData\ComposerSetup\bin;C:\Users\stasp\AppData\Local\Pro;C:\boost\include\boost-1_68\boost;C:\boost\lib;C:\boost\include\boost-1_68;C:\WINDOWS\system32;C:\WINDOWS;C:\WINDOWS\System32\Wbem;C:\WINDOWS\System32\WindowsPowerShell\v1.0\;C:\WINDOWS\System32\OpenSSH\;C:\Program Files\Java\jdk-11.0.16.1\bin;C:\MAIN\PROGRAMMS\apache-maven-3.8.6\bin;C:\Program Files\Git\cmd;C:\Users\stasp\AppData\Local\Programs\Python\Python38-32\Scripts\;C:\Users\stasp\AppData\Local\Programs\Python\Python38-32\;C:\Users\stasp\AppData\Local\Microsoft\WindowsApps;C:\Users\stasp\AppData\Roaming\Composer\vendor\bin;C:\Program Files\heroku\bin;C:\boost\include\boost-1_68\boost;C:\boost\include\boost-1_68;C:\boost\lib;;C:\Program Files\JetBrains\IntelliJ IDEA Community Edition 2022.2.3\bin;;."/>
    <property name="java.vendor" value="Oracle Corporation"/>
    <property name="java.vm.info" value="mixed mode"/>
    <property name="java.vm.version" value="11.0.16.1+1-LTS-1"/>
    <property name="sun.io.unicode.encoding" value="UnicodeLittle"/>
    <property name="java.class.version" value="55.0"/>
  </properties>
  <testcase name="Ноутбуки - Просмотр страницы Ноутбуки" classname="Ноутбуки" time="65.351"/>
  <testcase name="Ноутбуки - Просмотр страницы Ноутбуки" classname="Ноутбуки" time="52.029"/>
  <testcase name="Ноутбуки - Просмотр страницы Ноутбуки" classname="Ноутбуки" time="54.38">
    <error message="The step &apos;Проверка: В блоке Характеристики страницы &quot;Продукт. Ноутбук&quot; значение Объем оперативной памяти содержит текст &quot;32 ГБ&quot;&apos; is undefined.&#10;You can implement this step using the snippet(s) below:&#10;&#10;@Тогда(&quot;Проверка: В блоке Характеристики страницы {string} значение Объем оперативной памяти содержит текст {string}&quot;)&#10;public void проверка_в_блоке_характеристики_страницы_значение_объем_оперативной_памяти_содержит_текст(String string, String string2) {&#10;    // Write code here that turns the phrase above into concrete actions&#10;    throw new io.cucumber.java.PendingException();&#10;}&#10;" type="io.cucumber.junit.platform.engine.UndefinedStepException">io.cucumber.junit.platform.engine.UndefinedStepException: 
The step 'Проверка: В блоке Характеристики страницы "Продукт. Ноутбук" значение Объем оперативной памяти содержит текст "32 ГБ"' is undefined.
You can implement this step using the snippet(s) below:

@Тогда("Проверка: В блоке Характеристики страницы {string} значение Объем оперативной памяти содержит текст {string}")
public void проверка_в_блоке_характеристики_страницы_значение_объем_оперативной_памяти_содержит_текст(String string, String string2) {
    // Write code here that turns the phrase above into concrete actions
    throw new io.cucumber.java.PendingException();
}

</error>
    <system-out><![CDATA[[20:21:54.972] | INFO  | main                             | WebDriverFactory                 | Драйвер браузера Google Chrome
2022-12-10 20:21:55 INFO  WebDriverManager:1238 - Using chromedriver 108.0.5359.71 (resolved driver for Chrome 108)
2022-12-10 20:21:55 INFO  WebDriverManager:1291 - Exporting webdriver.chrome.driver as C:\Users\stasp\.cache\selenium\chromedriver\win32\108.0.5359.71\chromedriver.exe
[20:21:57.584] | INFO  | main                             | DriverHooks                      | Драйвер стартовал!
[20:21:58.475] | INFO  | main                             | ScreenShotHooks                  | Скриншот сохранен в файле [temp\Просмотр страницы Ноутбуки-1670692918170.png]
[20:22:04.618] | INFO  | main                             | StartPage                        | Открыта страница https://www.dns-shop.ru/
[20:22:04.619] | INFO  | main                             | StartPageSteps                   | Страница [Стартовая страница DNS]: Открыта "Стартовая страница сайта DNS"
[20:22:05.911] | INFO  | main                             | ScreenShotHooks                  | Скриншот сохранен в файле [temp\Просмотр страницы Ноутбуки-1670692925596.png]
[20:22:06.698] | INFO  | main                             | ScreenShotHooks                  | Скриншот сохранен в файле [temp\Просмотр страницы Ноутбуки-1670692926509.png]
[20:22:11.381] | INFO  | main                             | StartPageSteps                   | Страница [Стартовая страница DNS]: Выполнен переход на страницу "Ноутбуки"
[20:22:12.457] | INFO  | main                             | ScreenShotHooks                  | Скриншот сохранен в файле [temp\Просмотр страницы Ноутбуки-1670692932234.png]
[20:22:13.119] | INFO  | main                             | ScreenShotHooks                  | Скриншот сохранен в файле [temp\Просмотр страницы Ноутбуки-1670692932937.png]
[20:22:13.120] | INFO  | main                             | SmartphonesPageSteps             | Страница [Ноутбуки]: Открыта страница "Ноутбуки"
[20:22:13.781] | INFO  | main                             | ScreenShotHooks                  | Скриншот сохранен в файле [temp\Просмотр страницы Ноутбуки-1670692933578.png]
[20:22:14.420] | INFO  | main                             | ScreenShotHooks                  | Скриншот сохранен в файле [temp\Просмотр страницы Ноутбуки-1670692934228.png]
[20:22:16.473] | INFO  | main                             | SmartphonesPageSteps             | Страница [Ноутбуки]: Скрыт блок страницы
[20:22:17.219] | INFO  | main                             | ScreenShotHooks                  | Скриншот сохранен в файле [temp\Просмотр страницы Ноутбуки-1670692936991.png]
[20:22:18.059] | INFO  | main                             | ScreenShotHooks                  | Скриншот сохранен в файле [temp\Просмотр страницы Ноутбуки-1670692937805.png]
[20:22:20.481] | INFO  | main                             | SmartphonesPageSteps             | Страница [Ноутбуки]: В фильтре "Производитель" выбрано значение "ASUS"
[20:22:21.362] | INFO  | main                             | ScreenShotHooks                  | Скриншот сохранен в файле [temp\Просмотр страницы Ноутбуки-1670692941180.png]
[20:22:22.088] | INFO  | main                             | ScreenShotHooks                  | Скриншот сохранен в файле [temp\Просмотр страницы Ноутбуки-1670692941822.png]
[20:22:26.829] | INFO  | main                             | SmartphonesPageSteps             | Страница [Ноутбуки]: В фильтре "Объем оперативной памяти" выбрано значение "32 Гб"
[20:22:27.794] | INFO  | main                             | ScreenShotHooks                  | Скриншот сохранен в файле [temp\Просмотр страницы Ноутбуки-1670692947563.png]
[20:22:28.536] | INFO  | main                             | ScreenShotHooks                  | Скриншот сохранен в файле [temp\Просмотр страницы Ноутбуки-1670692948334.png]
[20:22:30.782] | INFO  | main                             | SmartphonesPageSteps             | Страница [Ноутбуки]: Применены фильтры
[20:22:31.880] | INFO  | main                             | ScreenShotHooks                  | Скриншот сохранен в файле [temp\Просмотр страницы Ноутбуки-1670692951452.png]
[20:22:32.842] | INFO  | main                             | ScreenShotHooks                  | Скриншот сохранен в файле [temp\Просмотр страницы Ноутбуки-1670692952653.png]
[20:22:33.274] | INFO  | main                             | SmartphonesPageSteps             | Страница [Ноутбуки]: Установлена сортировка "Сначала дорогие"
[20:22:34.435] | INFO  | main                             | ScreenShotHooks                  | Скриншот сохранен в файле [temp\Просмотр страницы Ноутбуки-1670692954009.png]
[20:22:35.204] | INFO  | main                             | ScreenShotHooks                  | Скриншот сохранен в файле [temp\Просмотр страницы Ноутбуки-1670692954990.png]
[20:22:44.391] | INFO  | main                             | SmartphonesPageSteps             | Страница [Ноутбуки]: Выполнен переход на страницу первого продукта в списке
[20:22:45.371] | INFO  | main                             | ScreenShotHooks                  | Скриншот сохранен в файле [temp\Просмотр страницы Ноутбуки-1670692965136.png]
[20:22:46.110] | INFO  | main                             | ScreenShotHooks                  | Скриншот сохранен в файле [temp\Просмотр страницы Ноутбуки-1670692965893.png]
[20:22:46.113] | INFO  | main                             | SmartphoneProductPageSteps       | Страница [Продукт. Ноутбук]: Открыта страница "Продукт. Ноутбук"
[20:22:46.873] | INFO  | main                             | ScreenShotHooks                  | Скриншот сохранен в файле [temp\Просмотр страницы Ноутбуки-1670692966709.png]
[20:22:47.422] | INFO  | main                             | ScreenShotHooks                  | Скриншот сохранен в файле [temp\Просмотр страницы Ноутбуки-1670692967259.png]
[20:22:48.122] | INFO  | main                             | ScreenShotHooks                  | Скриншот сохранен в файле [temp\Просмотр страницы Ноутбуки-1670692967955.png]
[20:22:48.814] | INFO  | main                             | DriverHooks                      | Драйвер остановлен!
]]></system-out>
    <system-err><![CDATA[Starting ChromeDriver 108.0.5359.71 (1e0e3868ee06e91ad636a874420e3ca3ae3756ac-refs/branch-heads/5359@{#1016}) on port 7519
Only local connections are allowed.
Please see https://chromedriver.chromium.org/security-considerations for suggestions on keeping ChromeDriver safe.
ChromeDriver was started successfully.
дек. 10, 2022 8:21:57 PM org.openqa.selenium.devtools.CdpVersionFinder findNearestMatch
WARNING: Unable to find an exact match for CDP version 108, so returning the closest version found: 107
]]></system-err>
  </testcase>
  <testcase name="Ноутбуки - Фильтрация и сортировка Ноутбуков на странице Ноутбуки - Примеры - Example #1" classname="Ноутбуки - Фильтрация и сортировка Ноутбуков на странице Ноутбуки - Примеры" time="58.643"/>
  <testcase name="Ноутбуки - Фильтрация и сортировка Ноутбуков на странице Ноутбуки - Примеры - Example #2" classname="Ноутбуки - Фильтрация и сортировка Ноутбуков на странице Ноутбуки - Примеры" time="58.331"/>
  <testcase name="Ноутбуки - Фильтрация и сортировка Ноутбуков на странице Ноутбуки - Примеры - Example #3" classname="Ноутбуки - Фильтрация и сортировка Ноутбуков на странице Ноутбуки - Примеры" time="42.42">
    <error message="no such element: Unable to locate element: {&quot;method&quot;:&quot;xpath&quot;,&quot;selector&quot;:&quot;(//a[contains(@class, &quot;catalog-product__name&quot;)])[1]&quot;}&#10;  (Session info: chrome=108.0.5359.99)&#10;For documentation on this error, please visit: https://selenium.dev/exceptions/#no_such_element&#10;Build info: version: &apos;4.6.0&apos;, revision: &apos;79f1c02ae20&apos;&#10;System info: os.name: &apos;Windows 10&apos;, os.arch: &apos;amd64&apos;, os.version: &apos;10.0&apos;, java.version: &apos;11.0.16.1&apos;&#10;Driver info: org.openqa.selenium.chrome.ChromeDriver&#10;Command: [e2fc7b19dd7be8ddbd64fb3f05627d42, findElement {using=xpath, value=(//a[contains(@class, &quot;catalog-product__name&quot;)])[1]}]&#10;Capabilities {acceptInsecureCerts: true, browserName: chrome, browserVersion: 108.0.5359.99, chrome: {chromedriverVersion: 108.0.5359.71 (1e0e3868ee06..., userDataDir: C:\Users\stasp\AppData\Loca...}, goog:chromeOptions: {debuggerAddress: localhost:64116}, networkConnectionEnabled: false, pageLoadStrategy: normal, platformName: WINDOWS, proxy: Proxy(), se:cdp: ws://localhost:64116/devtoo..., se:cdpVersion: 108.0.5359.99, setWindowRect: true, strictFileInteractability: false, timeouts: {implicit: 0, pageLoad: 300000, script: 30000}, unhandledPromptBehavior: dismiss and notify, webauthn:extension:credBlob: true, webauthn:extension:largeBlob: true, webauthn:virtualAuthenticators: true}&#10;Session ID: e2fc7b19dd7be8ddbd64fb3f05627d42" type="org.openqa.selenium.NoSuchElementException">org.openqa.selenium.NoSuchElementException: 
no such element: Unable to locate element: {"method":"xpath","selector":"(//a[contains(@class, "catalog-product__name")])[1]"}
  (Session info: chrome=108.0.5359.99)
For documentation on this error, please visit: https://selenium.dev/exceptions/#no_such_element
Build info: version: '4.6.0', revision: '79f1c02ae20'
System info: os.name: 'Windows 10', os.arch: 'amd64', os.version: '10.0', java.version: '11.0.16.1'
Driver info: org.openqa.selenium.chrome.ChromeDriver
Command: [e2fc7b19dd7be8ddbd64fb3f05627d42, findElement {using=xpath, value=(//a[contains(@class, "catalog-product__name")])[1]}]
Capabilities {acceptInsecureCerts: true, browserName: chrome, browserVersion: 108.0.5359.99, chrome: {chromedriverVersion: 108.0.5359.71 (1e0e3868ee06..., userDataDir: C:\Users\stasp\AppData\Loca...}, goog:chromeOptions: {debuggerAddress: localhost:64116}, networkConnectionEnabled: false, pageLoadStrategy: normal, platformName: WINDOWS, proxy: Proxy(), se:cdp: ws://localhost:64116/devtoo..., se:cdpVersion: 108.0.5359.99, setWindowRect: true, strictFileInteractability: false, timeouts: {implicit: 0, pageLoad: 300000, script: 30000}, unhandledPromptBehavior: dismiss and notify, webauthn:extension:credBlob: true, webauthn:extension:largeBlob: true, webauthn:virtualAuthenticators: true}
Session ID: e2fc7b19dd7be8ddbd64fb3f05627d42
</error>
    <system-out><![CDATA[[20:24:46.095] | INFO  | main                             | WebDriverFactory                 | Драйвер браузера Google Chrome
2022-12-10 20:24:46 INFO  WebDriverManager:1238 - Using chromedriver 108.0.5359.71 (resolved driver for Chrome 108)
2022-12-10 20:24:46 INFO  WebDriverManager:1291 - Exporting webdriver.chrome.driver as C:\Users\stasp\.cache\selenium\chromedriver\win32\108.0.5359.71\chromedriver.exe
[20:24:48.686] | INFO  | main                             | DriverHooks                      | Драйвер стартовал!
[20:24:49.648] | INFO  | main                             | ScreenShotHooks                  | Скриншот сохранен в файле [temp\Фильтрация и сортировка Ноутбуков на странице Ноутбуки-1670693089292.png]
[20:24:56.013] | INFO  | main                             | StartPage                        | Открыта страница https://www.dns-shop.ru/
[20:24:56.014] | INFO  | main                             | StartPageSteps                   | Страница [Стартовая страница DNS]: Открыта "Стартовая страница сайта DNS"
[20:24:57.308] | INFO  | main                             | ScreenShotHooks                  | Скриншот сохранен в файле [temp\Фильтрация и сортировка Ноутбуков на странице Ноутбуки-1670693097108.png]
[20:24:58.066] | INFO  | main                             | ScreenShotHooks                  | Скриншот сохранен в файле [temp\Фильтрация и сортировка Ноутбуков на странице Ноутбуки-1670693097876.png]
[20:25:02.400] | INFO  | main                             | StartPageSteps                   | Страница [Стартовая страница DNS]: Выполнен переход на страницу "Ноутбуки"
[20:25:03.717] | INFO  | main                             | ScreenShotHooks                  | Скриншот сохранен в файле [temp\Фильтрация и сортировка Ноутбуков на странице Ноутбуки-1670693103491.png]
[20:25:04.366] | INFO  | main                             | ScreenShotHooks                  | Скриншот сохранен в файле [temp\Фильтрация и сортировка Ноутбуков на странице Ноутбуки-1670693104187.png]
[20:25:04.368] | INFO  | main                             | SmartphonesPageSteps             | Страница [Ноутбуки]: Открыта страница "Ноутбуки"
[20:25:05.021] | INFO  | main                             | ScreenShotHooks                  | Скриншот сохранен в файле [temp\Фильтрация и сортировка Ноутбуков на странице Ноутбуки-1670693104810.png]
[20:25:05.713] | INFO  | main                             | ScreenShotHooks                  | Скриншот сохранен в файле [temp\Фильтрация и сортировка Ноутбуков на странице Ноутбуки-1670693105522.png]
[20:25:07.767] | INFO  | main                             | SmartphonesPageSteps             | Страница [Ноутбуки]: Скрыт блок страницы
[20:25:08.573] | INFO  | main                             | ScreenShotHooks                  | Скриншот сохранен в файле [temp\Фильтрация и сортировка Ноутбуков на странице Ноутбуки-1670693108376.png]
[20:25:09.349] | INFO  | main                             | ScreenShotHooks                  | Скриншот сохранен в файле [temp\Фильтрация и сортировка Ноутбуков на странице Ноутбуки-1670693109062.png]
[20:25:11.803] | INFO  | main                             | SmartphonesPageSteps             | Страница [Ноутбуки]: В фильтре "Производитель" выбрано значение "ASUS"
[20:25:12.707] | INFO  | main                             | ScreenShotHooks                  | Скриншот сохранен в файле [temp\Фильтрация и сортировка Ноутбуков на странице Ноутбуки-1670693112515.png]
[20:25:13.408] | INFO  | main                             | ScreenShotHooks                  | Скриншот сохранен в файле [temp\Фильтрация и сортировка Ноутбуков на странице Ноутбуки-1670693113190.png]
[20:25:18.083] | INFO  | main                             | SmartphonesPageSteps             | Страница [Ноутбуки]: В фильтре "Объем оперативной памяти" выбрано значение "12 Гб"
[20:25:18.915] | INFO  | main                             | ScreenShotHooks                  | Скриншот сохранен в файле [temp\Фильтрация и сортировка Ноутбуков на странице Ноутбуки-1670693118681.png]
[20:25:19.562] | INFO  | main                             | ScreenShotHooks                  | Скриншот сохранен в файле [temp\Фильтрация и сортировка Ноутбуков на странице Ноутбуки-1670693119372.png]
[20:25:21.762] | INFO  | main                             | SmartphonesPageSteps             | Страница [Ноутбуки]: Применены фильтры
[20:25:22.707] | INFO  | main                             | ScreenShotHooks                  | Скриншот сохранен в файле [temp\Фильтрация и сортировка Ноутбуков на странице Ноутбуки-1670693122520.png]
[20:25:23.260] | INFO  | main                             | ScreenShotHooks                  | Скриншот сохранен в файле [temp\Фильтрация и сортировка Ноутбуков на странице Ноутбуки-1670693123096.png]
[20:25:23.832] | INFO  | main                             | SmartphonesPageSteps             | Страница [Ноутбуки]: Установлена сортировка "Сначала дорогие"
[20:25:24.541] | INFO  | main                             | ScreenShotHooks                  | Скриншот сохранен в файле [temp\Фильтрация и сортировка Ноутбуков на странице Ноутбуки-1670693124350.png]
[20:25:25.148] | INFO  | main                             | ScreenShotHooks                  | Скриншот сохранен в файле [temp\Фильтрация и сортировка Ноутбуков на странице Ноутбуки-1670693124931.png]
[20:25:27.846] | INFO  | main                             | ScreenShotHooks                  | Скриншот сохранен в файле [temp\Фильтрация и сортировка Ноутбуков на странице Ноутбуки-1670693127633.png]
[20:25:28.311] | INFO  | main                             | DriverHooks                      | Драйвер остановлен!
]]></system-out>
    <system-err><![CDATA[Starting ChromeDriver 108.0.5359.71 (1e0e3868ee06e91ad636a874420e3ca3ae3756ac-refs/branch-heads/5359@{#1016}) on port 3938
Only local connections are allowed.
Please see https://chromedriver.chromium.org/security-considerations for suggestions on keeping ChromeDriver safe.
ChromeDriver was started successfully.
дек. 10, 2022 8:24:48 PM org.openqa.selenium.devtools.CdpVersionFinder findNearestMatch
WARNING: Unable to find an exact match for CDP version 108, so returning the closest version found: 107
]]></system-err>
  </testcase>
  <testcase name="Ноутбуки - Фильтрация и сортировка Ноутбуков на странице Ноутбуки - Примеры - Example #4" classname="Ноутбуки - Фильтрация и сортировка Ноутбуков на странице Ноутбуки - Примеры" time="57.055"/>
  <testcase name="Ноутбуки - Таблица с тремя колонками ноут" classname="Ноутбуки" time="29.432">
    <error message="The step &apos;Установлена сортировка и фильтры из таблицы с тремя колонками&apos; is undefined.&#10;You can implement this step using the snippet(s) below:&#10;&#10;@Когда(&quot;Установлена сортировка и фильтры из таблицы с тремя колонками&quot;)&#10;public void установлена_сортировка_и_фильтры_из_таблицы_с_тремя_колонками(io.cucumber.datatable.DataTable dataTable) {&#10;    // Write code here that turns the phrase above into concrete actions&#10;    // For automatic transformation, change DataTable to one of&#10;    // E, List&lt;E&gt;, List&lt;List&lt;E&gt;&gt;, List&lt;Map&lt;K,V&gt;&gt;, Map&lt;K,V&gt; or&#10;    // Map&lt;K, List&lt;V&gt;&gt;. E,K,V must be a String, Integer, Float,&#10;    // Double, Byte, Short, Long, BigInteger or BigDecimal.&#10;    //&#10;    // For other transformations you can register a DataTableType.&#10;    throw new io.cucumber.java.PendingException();&#10;}&#10;" type="io.cucumber.junit.platform.engine.UndefinedStepException"><![CDATA[io.cucumber.junit.platform.engine.UndefinedStepException: 
The step 'Установлена сортировка и фильтры из таблицы с тремя колонками' is undefined.
You can implement this step using the snippet(s) below:

@Когда("Установлена сортировка и фильтры из таблицы с тремя колонками")
public void установлена_сортировка_и_фильтры_из_таблицы_с_тремя_колонками(io.cucumber.datatable.DataTable dataTable) {
    // Write code here that turns the phrase above into concrete actions
    // For automatic transformation, change DataTable to one of
    // E, List<E>, List<List<E>>, List<Map<K,V>>, Map<K,V> or
    // Map<K, List<V>>. E,K,V must be a String, Integer, Float,
    // Double, Byte, Short, Long, BigInteger or BigDecimal.
    //
    // For other transformations you can register a DataTableType.
    throw new io.cucumber.java.PendingException();
}

]]></error>
    <system-out><![CDATA[[20:26:25.479] | INFO  | main                             | WebDriverFactory                 | Драйвер браузера Google Chrome
2022-12-10 20:26:26 INFO  WebDriverManager:1238 - Using chromedriver 108.0.5359.71 (resolved driver for Chrome 108)
2022-12-10 20:26:26 INFO  WebDriverManager:1291 - Exporting webdriver.chrome.driver as C:\Users\stasp\.cache\selenium\chromedriver\win32\108.0.5359.71\chromedriver.exe
[20:26:30.335] | INFO  | main                             | DriverHooks                      | Драйвер стартовал!
[20:26:31.233] | INFO  | main                             | ScreenShotHooks                  | Скриншот сохранен в файле [temp\Таблица с тремя колонками ноут-1670693190903.png]
[20:26:37.356] | INFO  | main                             | StartPage                        | Открыта страница https://www.dns-shop.ru/
[20:26:37.357] | INFO  | main                             | StartPageSteps                   | Страница [Стартовая страница DNS]: Открыта "Стартовая страница сайта DNS"
[20:26:38.671] | INFO  | main                             | ScreenShotHooks                  | Скриншот сохранен в файле [temp\Таблица с тремя колонками ноут-1670693198323.png]
[20:26:39.430] | INFO  | main                             | ScreenShotHooks                  | Скриншот сохранен в файле [temp\Таблица с тремя колонками ноут-1670693199231.png]
[20:26:43.850] | INFO  | main                             | StartPageSteps                   | Страница [Стартовая страница DNS]: Выполнен переход на страницу "Ноутбуки"
[20:26:44.809] | INFO  | main                             | ScreenShotHooks                  | Скриншот сохранен в файле [temp\Таблица с тремя колонками ноут-1670693204598.png]
[20:26:45.448] | INFO  | main                             | ScreenShotHooks                  | Скриншот сохранен в файле [temp\Таблица с тремя колонками ноут-1670693205262.png]
[20:26:45.450] | INFO  | main                             | SmartphonesPageSteps             | Страница [Ноутбуки]: Открыта страница "Ноутбуки"
[20:26:46.098] | INFO  | main                             | ScreenShotHooks                  | Скриншот сохранен в файле [temp\Таблица с тремя колонками ноут-1670693205877.png]
[20:26:46.863] | INFO  | main                             | ScreenShotHooks                  | Скриншот сохранен в файле [temp\Таблица с тремя колонками ноут-1670693206587.png]
[20:26:48.930] | INFO  | main                             | SmartphonesPageSteps             | Страница [Ноутбуки]: Скрыт блок страницы
[20:26:49.709] | INFO  | main                             | ScreenShotHooks                  | Скриншот сохранен в файле [temp\Таблица с тремя колонками ноут-1670693209485.png]
[20:26:50.505] | INFO  | main                             | ScreenShotHooks                  | Скриншот сохранен в файле [temp\Таблица с тремя колонками ноут-1670693210247.png]
[20:26:51.260] | INFO  | main                             | ScreenShotHooks                  | Скриншот сохранен в файле [temp\Таблица с тремя колонками ноут-1670693211025.png]
[20:26:54.768] | INFO  | main                             | DriverHooks                      | Драйвер остановлен!
]]></system-out>
    <system-err><![CDATA[Starting ChromeDriver 108.0.5359.71 (1e0e3868ee06e91ad636a874420e3ca3ae3756ac-refs/branch-heads/5359@{#1016}) on port 17047
Only local connections are allowed.
Please see https://chromedriver.chromium.org/security-considerations for suggestions on keeping ChromeDriver safe.
ChromeDriver was started successfully.
дек. 10, 2022 8:26:30 PM org.openqa.selenium.devtools.CdpVersionFinder findNearestMatch
WARNING: Unable to find an exact match for CDP version 108, so returning the closest version found: 107
дек. 10, 2022 8:26:54 PM org.openqa.selenium.os.OsProcess destroy
SEVERE: Unable to kill process Process[pid=12212, exitValue=1]
]]></system-err>
  </testcase>
</testsuite>