<?xml version="1.0" encoding="UTF-8"?>
<testsuite xmlns:xsi="http://www.w3.org/2001/XMLSchema-instance" xsi:noNamespaceSchemaLocation="https://maven.apache.org/surefire/maven-surefire-plugin/xsd/surefire-test-report.xsd" name="Смартфоны" time="149.693" tests="9" errors="9" skipped="0" failures="0">
  <properties>
    <property name="sun.desktop" value="windows"/>
    <property name="awt.toolkit" value="sun.awt.windows.WToolkit"/>
    <property name="java.specification.version" value="11"/>
    <property name="sun.cpu.isalist" value="amd64"/>
    <property name="sun.jnu.encoding" value="Cp1251"/>
    <property name="java.class.path" value="C:\Users\stasp\Desktop\Rep\Cucumber\Cucumber\target\test-classes;C:\Users\stasp\Desktop\Rep\Cucumber\Cucumber\target\classes;C:\Users\stasp\.m2\repository\io\cucumber\cucumber-java\7.8.1\cucumber-java-7.8.1.jar;C:\Users\stasp\.m2\repository\io\cucumber\cucumber-core\7.8.1\cucumber-core-7.8.1.jar;C:\Users\stasp\.m2\repository\io\cucumber\cucumber-gherkin\7.8.1\cucumber-gherkin-7.8.1.jar;C:\Users\stasp\.m2\repository\io\cucumber\cucumber-gherkin-messages\7.8.1\cucumber-gherkin-messages-7.8.1.jar;C:\Users\stasp\.m2\repository\io\cucumber\gherkin\24.0.0\gherkin-24.0.0.jar;C:\Users\stasp\.m2\repository\io\cucumber\messages\19.1.4\messages-19.1.4.jar;C:\Users\stasp\.m2\repository\io\cucumber\tag-expressions\4.1.0\tag-expressions-4.1.0.jar;C:\Users\stasp\.m2\repository\io\cucumber\cucumber-expressions\16.0.0\cucumber-expressions-16.0.0.jar;C:\Users\stasp\.m2\repository\io\cucumber\datatable\7.8.1\datatable-7.8.1.jar;C:\Users\stasp\.m2\repository\io\cucumber\cucumber-plugin\7.8.1\cucumber-plugin-7.8.1.jar;C:\Users\stasp\.m2\repository\io\cucumber\docstring\7.8.1\docstring-7.8.1.jar;C:\Users\stasp\.m2\repository\io\cucumber\html-formatter\20.1.0\html-formatter-20.1.0.jar;C:\Users\stasp\.m2\repository\io\cucumber\ci-environment\9.1.0\ci-environment-9.1.0.jar;C:\Users\stasp\.m2\repository\org\apiguardian\apiguardian-api\1.1.2\apiguardian-api-1.1.2.jar;C:\Users\stasp\.m2\repository\io\cucumber\cucumber-junit-platform-engine\7.8.1\cucumber-junit-platform-engine-7.8.1.jar;C:\Users\stasp\.m2\repository\org\junit\platform\junit-platform-engine\1.9.1\junit-platform-engine-1.9.1.jar;C:\Users\stasp\.m2\repository\org\junit\jupiter\junit-jupiter-api\5.9.0\junit-jupiter-api-5.9.0.jar;C:\Users\stasp\.m2\repository\org\opentest4j\opentest4j\1.2.0\opentest4j-1.2.0.jar;C:\Users\stasp\.m2\repository\org\junit\platform\junit-platform-commons\1.9.0\junit-platform-commons-1.9.0.jar;C:\Users\stasp\.m2\repository\org\junit\platform\junit-platform-suite\1.9.0\junit-platform-suite-1.9.0.jar;C:\Users\stasp\.m2\repository\org\junit\platform\junit-platform-suite-api\1.9.0\junit-platform-suite-api-1.9.0.jar;C:\Users\stasp\.m2\repository\org\junit\platform\junit-platform-suite-engine\1.9.0\junit-platform-suite-engine-1.9.0.jar;C:\Users\stasp\.m2\repository\org\junit\platform\junit-platform-suite-commons\1.9.0\junit-platform-suite-commons-1.9.0.jar;C:\Users\stasp\.m2\repository\org\junit\platform\junit-platform-launcher\1.9.0\junit-platform-launcher-1.9.0.jar;C:\Users\stasp\.m2\repository\org\seleniumhq\selenium\selenium-java\4.6.0\selenium-java-4.6.0.jar;C:\Users\stasp\.m2\repository\org\seleniumhq\selenium\selenium-api\4.6.0\selenium-api-4.6.0.jar;C:\Users\stasp\.m2\repository\org\seleniumhq\selenium\selenium-chrome-driver\4.6.0\selenium-chrome-driver-4.6.0.jar;C:\Users\stasp\.m2\repository\com\google\auto\service\auto-service-annotations\1.0.1\auto-service-annotations-1.0.1.jar;C:\Users\stasp\.m2\repository\com\google\auto\service\auto-service\1.0.1\auto-service-1.0.1.jar;C:\Users\stasp\.m2\repository\com\google\auto\auto-common\1.2\auto-common-1.2.jar;C:\Users\stasp\.m2\repository\com\google\guava\guava\31.1-jre\guava-31.1-jre.jar;C:\Users\stasp\.m2\repository\com\google\guava\failureaccess\1.0.1\failureaccess-1.0.1.jar;C:\Users\stasp\.m2\repository\com\google\guava\listenablefuture\9999.0-empty-to-avoid-conflict-with-guava\listenablefuture-9999.0-empty-to-avoid-conflict-with-guava.jar;C:\Users\stasp\.m2\repository\com\google\code\findbugs\jsr305\3.0.2\jsr305-3.0.2.jar;C:\Users\stasp\.m2\repository\org\checkerframework\checker-qual\3.12.0\checker-qual-3.12.0.jar;C:\Users\stasp\.m2\repository\com\google\errorprone\error_prone_annotations\2.11.0\error_prone_annotations-2.11.0.jar;C:\Users\stasp\.m2\repository\com\google\j2objc\j2objc-annotations\1.3\j2objc-annotations-1.3.jar;C:\Users\stasp\.m2\repository\org\seleniumhq\selenium\selenium-chromium-driver\4.6.0\selenium-chromium-driver-4.6.0.jar;C:\Users\stasp\.m2\repository\org\seleniumhq\selenium\selenium-json\4.6.0\selenium-json-4.6.0.jar;C:\Users\stasp\.m2\repository\org\seleniumhq\selenium\selenium-devtools-v105\4.6.0\selenium-devtools-v105-4.6.0.jar;C:\Users\stasp\.m2\repository\org\seleniumhq\selenium\selenium-devtools-v106\4.6.0\selenium-devtools-v106-4.6.0.jar;C:\Users\stasp\.m2\repository\org\seleniumhq\selenium\selenium-devtools-v107\4.6.0\selenium-devtools-v107-4.6.0.jar;C:\Users\stasp\.m2\repository\org\seleniumhq\selenium\selenium-devtools-v85\4.6.0\selenium-devtools-v85-4.6.0.jar;C:\Users\stasp\.m2\repository\org\seleniumhq\selenium\selenium-edge-driver\4.6.0\selenium-edge-driver-4.6.0.jar;C:\Users\stasp\.m2\repository\org\seleniumhq\selenium\selenium-firefox-driver\4.6.0\selenium-firefox-driver-4.6.0.jar;C:\Users\stasp\.m2\repository\org\seleniumhq\selenium\selenium-ie-driver\4.6.0\selenium-ie-driver-4.6.0.jar;C:\Users\stasp\.m2\repository\org\seleniumhq\selenium\selenium-remote-driver\4.6.0\selenium-remote-driver-4.6.0.jar;C:\Users\stasp\.m2\repository\com\beust\jcommander\1.82\jcommander-1.82.jar;C:\Users\stasp\.m2\repository\io\netty\netty-buffer\4.1.84.Final\netty-buffer-4.1.84.Final.jar;C:\Users\stasp\.m2\repository\io\netty\netty-codec-http\4.1.84.Final\netty-codec-http-4.1.84.Final.jar;C:\Users\stasp\.m2\repository\io\netty\netty-codec\4.1.84.Final\netty-codec-4.1.84.Final.jar;C:\Users\stasp\.m2\repository\io\netty\netty-handler\4.1.84.Final\netty-handler-4.1.84.Final.jar;C:\Users\stasp\.m2\repository\io\netty\netty-common\4.1.84.Final\netty-common-4.1.84.Final.jar;C:\Users\stasp\.m2\repository\io\netty\netty-transport-classes-epoll\4.1.84.Final\netty-transport-classes-epoll-4.1.84.Final.jar;C:\Users\stasp\.m2\repository\io\netty\netty-transport-classes-kqueue\4.1.84.Final\netty-transport-classes-kqueue-4.1.84.Final.jar;C:\Users\stasp\.m2\repository\io\netty\netty-transport-native-epoll\4.1.84.Final\netty-transport-native-epoll-4.1.84.Final.jar;C:\Users\stasp\.m2\repository\io\netty\netty-transport-native-kqueue\4.1.84.Final\netty-transport-native-kqueue-4.1.84.Final.jar;C:\Users\stasp\.m2\repository\io\netty\netty-transport-native-unix-common\4.1.84.Final\netty-transport-native-unix-common-4.1.84.Final.jar;C:\Users\stasp\.m2\repository\io\netty\netty-transport\4.1.84.Final\netty-transport-4.1.84.Final.jar;C:\Users\stasp\.m2\repository\io\netty\netty-resolver\4.1.84.Final\netty-resolver-4.1.84.Final.jar;C:\Users\stasp\.m2\repository\io\opentelemetry\opentelemetry-api\1.19.0\opentelemetry-api-1.19.0.jar;C:\Users\stasp\.m2\repository\io\opentelemetry\opentelemetry-context\1.19.0\opentelemetry-context-1.19.0.jar;C:\Users\stasp\.m2\repository\io\opentelemetry\opentelemetry-exporter-logging\1.19.0\opentelemetry-exporter-logging-1.19.0.jar;C:\Users\stasp\.m2\repository\io\opentelemetry\opentelemetry-sdk-metrics\1.19.0\opentelemetry-sdk-metrics-1.19.0.jar;C:\Users\stasp\.m2\repository\io\opentelemetry\opentelemetry-sdk-logs\1.19.0-alpha\opentelemetry-sdk-logs-1.19.0-alpha.jar;C:\Users\stasp\.m2\repository\io\opentelemetry\opentelemetry-api-logs\1.19.0-alpha\opentelemetry-api-logs-1.19.0-alpha.jar;C:\Users\stasp\.m2\repository\io\opentelemetry\opentelemetry-sdk-common\1.19.0\opentelemetry-sdk-common-1.19.0.jar;C:\Users\stasp\.m2\repository\io\opentelemetry\opentelemetry-sdk-extension-autoconfigure-spi\1.19.0\opentelemetry-sdk-extension-autoconfigure-spi-1.19.0.jar;C:\Users\stasp\.m2\repository\io\opentelemetry\opentelemetry-sdk-extension-autoconfigure\1.19.0-alpha\opentelemetry-sdk-extension-autoconfigure-1.19.0-alpha.jar;C:\Users\stasp\.m2\repository\io\opentelemetry\opentelemetry-exporter-common\1.19.0\opentelemetry-exporter-common-1.19.0.jar;C:\Users\stasp\.m2\repository\io\opentelemetry\opentelemetry-sdk-trace\1.19.0\opentelemetry-sdk-trace-1.19.0.jar;C:\Users\stasp\.m2\repository\io\opentelemetry\opentelemetry-sdk\1.19.0\opentelemetry-sdk-1.19.0.jar;C:\Users\stasp\.m2\repository\io\opentelemetry\opentelemetry-semconv\1.19.0-alpha\opentelemetry-semconv-1.19.0-alpha.jar;C:\Users\stasp\.m2\repository\io\ous\jtoml\2.0.0\jtoml-2.0.0.jar;C:\Users\stasp\.m2\repository\net\bytebuddy\byte-buddy\1.12.18\byte-buddy-1.12.18.jar;C:\Users\stasp\.m2\repository\org\apache\commons\commons-exec\1.3\commons-exec-1.3.jar;C:\Users\stasp\.m2\repository\org\asynchttpclient\async-http-client\2.12.3\async-http-client-2.12.3.jar;C:\Users\stasp\.m2\repository\org\asynchttpclient\async-http-client-netty-utils\2.12.3\async-http-client-netty-utils-2.12.3.jar;C:\Users\stasp\.m2\repository\io\netty\netty-codec-socks\4.1.60.Final\netty-codec-socks-4.1.60.Final.jar;C:\Users\stasp\.m2\repository\io\netty\netty-handler-proxy\4.1.60.Final\netty-handler-proxy-4.1.60.Final.jar;C:\Users\stasp\.m2\repository\io\netty\netty-transport-native-epoll\4.1.60.Final\netty-transport-native-epoll-4.1.60.Final-linux-x86_64.jar;C:\Users\stasp\.m2\repository\io\netty\netty-transport-native-kqueue\4.1.60.Final\netty-transport-native-kqueue-4.1.60.Final-osx-x86_64.jar;C:\Users\stasp\.m2\repository\org\reactivestreams\reactive-streams\1.0.3\reactive-streams-1.0.3.jar;C:\Users\stasp\.m2\repository\com\typesafe\netty\netty-reactive-streams\2.0.4\netty-reactive-streams-2.0.4.jar;C:\Users\stasp\.m2\repository\com\sun\activation\jakarta.activation\1.2.2\jakarta.activation-1.2.2.jar;C:\Users\stasp\.m2\repository\org\seleniumhq\selenium\selenium-http\4.6.0\selenium-http-4.6.0.jar;C:\Users\stasp\.m2\repository\dev\failsafe\failsafe\3.3.0\failsafe-3.3.0.jar;C:\Users\stasp\.m2\repository\org\seleniumhq\selenium\selenium-manager\4.6.0\selenium-manager-4.6.0.jar;C:\Users\stasp\.m2\repository\org\seleniumhq\selenium\selenium-safari-driver\4.6.0\selenium-safari-driver-4.6.0.jar;C:\Users\stasp\.m2\repository\org\seleniumhq\selenium\selenium-support\4.6.0\selenium-support-4.6.0.jar;C:\Users\stasp\.m2\repository\io\github\bonigarcia\webdrivermanager\5.3.1\webdrivermanager-5.3.1.jar;C:\Users\stasp\.m2\repository\org\slf4j\slf4j-api\2.0.3\slf4j-api-2.0.3.jar;C:\Users\stasp\.m2\repository\com\google\code\gson\gson\2.10\gson-2.10.jar;C:\Users\stasp\.m2\repository\com\github\docker-java\docker-java\3.2.13\docker-java-3.2.13.jar;C:\Users\stasp\.m2\repository\com\github\docker-java\docker-java-core\3.2.13\docker-java-core-3.2.13.jar;C:\Users\stasp\.m2\repository\com\github\docker-java\docker-java-api\3.2.13\docker-java-api-3.2.13.jar;C:\Users\stasp\.m2\repository\com\fasterxml\jackson\core\jackson-annotations\2.10.3\jackson-annotations-2.10.3.jar;C:\Users\stasp\.m2\repository\org\apache\commons\commons-compress\1.21\commons-compress-1.21.jar;C:\Users\stasp\.m2\repository\com\fasterxml\jackson\core\jackson-databind\2.10.3\jackson-databind-2.10.3.jar;C:\Users\stasp\.m2\repository\com\fasterxml\jackson\core\jackson-core\2.10.3\jackson-core-2.10.3.jar;C:\Users\stasp\.m2\repository\org\bouncycastle\bcpkix-jdk15on\1.64\bcpkix-jdk15on-1.64.jar;C:\Users\stasp\.m2\repository\org\bouncycastle\bcprov-jdk15on\1.64\bcprov-jdk15on-1.64.jar;C:\Users\stasp\.m2\repository\org\slf4j\jcl-over-slf4j\1.7.30\jcl-over-slf4j-1.7.30.jar;C:\Users\stasp\.m2\repository\com\github\docker-java\docker-java-transport-httpclient5\3.2.13\docker-java-transport-httpclient5-3.2.13.jar;C:\Users\stasp\.m2\repository\com\github\docker-java\docker-java-transport\3.2.13\docker-java-transport-3.2.13.jar;C:\Users\stasp\.m2\repository\net\java\dev\jna\jna\5.8.0\jna-5.8.0.jar;C:\Users\stasp\.m2\repository\org\brotli\dec\0.1.2\dec-0.1.2.jar;C:\Users\stasp\.m2\repository\org\apache\commons\commons-lang3\3.12.0\commons-lang3-3.12.0.jar;C:\Users\stasp\.m2\repository\org\apache\httpcomponents\client5\httpclient5\5.1.3\httpclient5-5.1.3.jar;C:\Users\stasp\.m2\repository\org\apache\httpcomponents\core5\httpcore5\5.1.3\httpcore5-5.1.3.jar;C:\Users\stasp\.m2\repository\org\apache\httpcomponents\core5\httpcore5-h2\5.1.3\httpcore5-h2-5.1.3.jar;C:\Users\stasp\.m2\repository\commons-codec\commons-codec\1.15\commons-codec-1.15.jar;C:\Users\stasp\.m2\repository\org\slf4j\slf4j-log4j12\2.0.0-alpha5\slf4j-log4j12-2.0.0-alpha5.jar;C:\Users\stasp\.m2\repository\log4j\log4j\1.2.17\log4j-1.2.17.jar;C:\Users\stasp\.m2\repository\org\apache\logging\log4j\log4j-api\2.19.0\log4j-api-2.19.0.jar;C:\Users\stasp\.m2\repository\org\apache\logging\log4j\log4j-core\2.19.0\log4j-core-2.19.0.jar;C:\Users\stasp\.m2\repository\ru\yandex\qatools\ashot\ashot\1.5.4\ashot-1.5.4.jar;C:\Users\stasp\.m2\repository\commons-io\commons-io\2.5\commons-io-2.5.jar;C:\Users\stasp\.m2\repository\org\hamcrest\hamcrest-core\1.3\hamcrest-core-1.3.jar;C:\Users\stasp\.m2\repository\junit\junit\4.13.2\junit-4.13.2.jar;"/>
    <property name="java.vm.vendor" value="Oracle Corporation"/>
    <property name="sun.arch.data.model" value="64"/>
    <property name="user.variant" value=""/>
    <property name="java.vendor.url" value="https://openjdk.java.net/"/>
    <property name="user.timezone" value="Europe/Moscow"/>
    <property name="java.vm.specification.version" value="11"/>
    <property name="os.name" value="Windows 10"/>
    <property name="sun.java.launcher" value="SUN_STANDARD"/>
    <property name="user.country" value="RU"/>
    <property name="sun.boot.library.path" value="C:\Program Files\Java\jdk-11.0.16.1\bin"/>
    <property name="sun.java.command" value="C:\Users\stasp\AppData\Local\Temp\surefire11594743168794022551\surefirebooter6490525112887691641.jar C:\Users\stasp\AppData\Local\Temp\surefire11594743168794022551 2022-12-10T20-19-53_264-jvmRun1 surefire5254134973339123374tmp surefire_05575372545325921772tmp"/>
    <property name="jdk.debug" value="release"/>
    <property name="surefire.test.class.path" value="C:\Users\stasp\Desktop\Rep\Cucumber\Cucumber\target\test-classes;C:\Users\stasp\Desktop\Rep\Cucumber\Cucumber\target\classes;C:\Users\stasp\.m2\repository\io\cucumber\cucumber-java\7.8.1\cucumber-java-7.8.1.jar;C:\Users\stasp\.m2\repository\io\cucumber\cucumber-core\7.8.1\cucumber-core-7.8.1.jar;C:\Users\stasp\.m2\repository\io\cucumber\cucumber-gherkin\7.8.1\cucumber-gherkin-7.8.1.jar;C:\Users\stasp\.m2\repository\io\cucumber\cucumber-gherkin-messages\7.8.1\cucumber-gherkin-messages-7.8.1.jar;C:\Users\stasp\.m2\repository\io\cucumber\gherkin\24.0.0\gherkin-24.0.0.jar;C:\Users\stasp\.m2\repository\io\cucumber\messages\19.1.4\messages-19.1.4.jar;C:\Users\stasp\.m2\repository\io\cucumber\tag-expressions\4.1.0\tag-expressions-4.1.0.jar;C:\Users\stasp\.m2\repository\io\cucumber\cucumber-expressions\16.0.0\cucumber-expressions-16.0.0.jar;C:\Users\stasp\.m2\repository\io\cucumber\datatable\7.8.1\datatable-7.8.1.jar;C:\Users\stasp\.m2\repository\io\cucumber\cucumber-plugin\7.8.1\cucumber-plugin-7.8.1.jar;C:\Users\stasp\.m2\repository\io\cucumber\docstring\7.8.1\docstring-7.8.1.jar;C:\Users\stasp\.m2\repository\io\cucumber\html-formatter\20.1.0\html-formatter-20.1.0.jar;C:\Users\stasp\.m2\repository\io\cucumber\ci-environment\9.1.0\ci-environment-9.1.0.jar;C:\Users\stasp\.m2\repository\org\apiguardian\apiguardian-api\1.1.2\apiguardian-api-1.1.2.jar;C:\Users\stasp\.m2\repository\io\cucumber\cucumber-junit-platform-engine\7.8.1\cucumber-junit-platform-engine-7.8.1.jar;C:\Users\stasp\.m2\repository\org\junit\platform\junit-platform-engine\1.9.1\junit-platform-engine-1.9.1.jar;C:\Users\stasp\.m2\repository\org\junit\jupiter\junit-jupiter-api\5.9.0\junit-jupiter-api-5.9.0.jar;C:\Users\stasp\.m2\repository\org\opentest4j\opentest4j\1.2.0\opentest4j-1.2.0.jar;C:\Users\stasp\.m2\repository\org\junit\platform\junit-platform-commons\1.9.0\junit-platform-commons-1.9.0.jar;C:\Users\stasp\.m2\repository\org\junit\platform\junit-platform-suite\1.9.0\junit-platform-suite-1.9.0.jar;C:\Users\stasp\.m2\repository\org\junit\platform\junit-platform-suite-api\1.9.0\junit-platform-suite-api-1.9.0.jar;C:\Users\stasp\.m2\repository\org\junit\platform\junit-platform-suite-engine\1.9.0\junit-platform-suite-engine-1.9.0.jar;C:\Users\stasp\.m2\repository\org\junit\platform\junit-platform-suite-commons\1.9.0\junit-platform-suite-commons-1.9.0.jar;C:\Users\stasp\.m2\repository\org\junit\platform\junit-platform-launcher\1.9.0\junit-platform-launcher-1.9.0.jar;C:\Users\stasp\.m2\repository\org\seleniumhq\selenium\selenium-java\4.6.0\selenium-java-4.6.0.jar;C:\Users\stasp\.m2\repository\org\seleniumhq\selenium\selenium-api\4.6.0\selenium-api-4.6.0.jar;C:\Users\stasp\.m2\repository\org\seleniumhq\selenium\selenium-chrome-driver\4.6.0\selenium-chrome-driver-4.6.0.jar;C:\Users\stasp\.m2\repository\com\google\auto\service\auto-service-annotations\1.0.1\auto-service-annotations-1.0.1.jar;C:\Users\stasp\.m2\repository\com\google\auto\service\auto-service\1.0.1\auto-service-1.0.1.jar;C:\Users\stasp\.m2\repository\com\google\auto\auto-common\1.2\auto-common-1.2.jar;C:\Users\stasp\.m2\repository\com\google\guava\guava\31.1-jre\guava-31.1-jre.jar;C:\Users\stasp\.m2\repository\com\google\guava\failureaccess\1.0.1\failureaccess-1.0.1.jar;C:\Users\stasp\.m2\repository\com\google\guava\listenablefuture\9999.0-empty-to-avoid-conflict-with-guava\listenablefuture-9999.0-empty-to-avoid-conflict-with-guava.jar;C:\Users\stasp\.m2\repository\com\google\code\findbugs\jsr305\3.0.2\jsr305-3.0.2.jar;C:\Users\stasp\.m2\repository\org\checkerframework\checker-qual\3.12.0\checker-qual-3.12.0.jar;C:\Users\stasp\.m2\repository\com\google\errorprone\error_prone_annotations\2.11.0\error_prone_annotations-2.11.0.jar;C:\Users\stasp\.m2\repository\com\google\j2objc\j2objc-annotations\1.3\j2objc-annotations-1.3.jar;C:\Users\stasp\.m2\repository\org\seleniumhq\selenium\selenium-chromium-driver\4.6.0\selenium-chromium-driver-4.6.0.jar;C:\Users\stasp\.m2\repository\org\seleniumhq\selenium\selenium-json\4.6.0\selenium-json-4.6.0.jar;C:\Users\stasp\.m2\repository\org\seleniumhq\selenium\selenium-devtools-v105\4.6.0\selenium-devtools-v105-4.6.0.jar;C:\Users\stasp\.m2\repository\org\seleniumhq\selenium\selenium-devtools-v106\4.6.0\selenium-devtools-v106-4.6.0.jar;C:\Users\stasp\.m2\repository\org\seleniumhq\selenium\selenium-devtools-v107\4.6.0\selenium-devtools-v107-4.6.0.jar;C:\Users\stasp\.m2\repository\org\seleniumhq\selenium\selenium-devtools-v85\4.6.0\selenium-devtools-v85-4.6.0.jar;C:\Users\stasp\.m2\repository\org\seleniumhq\selenium\selenium-edge-driver\4.6.0\selenium-edge-driver-4.6.0.jar;C:\Users\stasp\.m2\repository\org\seleniumhq\selenium\selenium-firefox-driver\4.6.0\selenium-firefox-driver-4.6.0.jar;C:\Users\stasp\.m2\repository\org\seleniumhq\selenium\selenium-ie-driver\4.6.0\selenium-ie-driver-4.6.0.jar;C:\Users\stasp\.m2\repository\org\seleniumhq\selenium\selenium-remote-driver\4.6.0\selenium-remote-driver-4.6.0.jar;C:\Users\stasp\.m2\repository\com\beust\jcommander\1.82\jcommander-1.82.jar;C:\Users\stasp\.m2\repository\io\netty\netty-buffer\4.1.84.Final\netty-buffer-4.1.84.Final.jar;C:\Users\stasp\.m2\repository\io\netty\netty-codec-http\4.1.84.Final\netty-codec-http-4.1.84.Final.jar;C:\Users\stasp\.m2\repository\io\netty\netty-codec\4.1.84.Final\netty-codec-4.1.84.Final.jar;C:\Users\stasp\.m2\repository\io\netty\netty-handler\4.1.84.Final\netty-handler-4.1.84.Final.jar;C:\Users\stasp\.m2\repository\io\netty\netty-common\4.1.84.Final\netty-common-4.1.84.Final.jar;C:\Users\stasp\.m2\repository\io\netty\netty-transport-classes-epoll\4.1.84.Final\netty-transport-classes-epoll-4.1.84.Final.jar;C:\Users\stasp\.m2\repository\io\netty\netty-transport-classes-kqueue\4.1.84.Final\netty-transport-classes-kqueue-4.1.84.Final.jar;C:\Users\stasp\.m2\repository\io\netty\netty-transport-native-epoll\4.1.84.Final\netty-transport-native-epoll-4.1.84.Final.jar;C:\Users\stasp\.m2\repository\io\netty\netty-transport-native-kqueue\4.1.84.Final\netty-transport-native-kqueue-4.1.84.Final.jar;C:\Users\stasp\.m2\repository\io\netty\netty-transport-native-unix-common\4.1.84.Final\netty-transport-native-unix-common-4.1.84.Final.jar;C:\Users\stasp\.m2\repository\io\netty\netty-transport\4.1.84.Final\netty-transport-4.1.84.Final.jar;C:\Users\stasp\.m2\repository\io\netty\netty-resolver\4.1.84.Final\netty-resolver-4.1.84.Final.jar;C:\Users\stasp\.m2\repository\io\opentelemetry\opentelemetry-api\1.19.0\opentelemetry-api-1.19.0.jar;C:\Users\stasp\.m2\repository\io\opentelemetry\opentelemetry-context\1.19.0\opentelemetry-context-1.19.0.jar;C:\Users\stasp\.m2\repository\io\opentelemetry\opentelemetry-exporter-logging\1.19.0\opentelemetry-exporter-logging-1.19.0.jar;C:\Users\stasp\.m2\repository\io\opentelemetry\opentelemetry-sdk-metrics\1.19.0\opentelemetry-sdk-metrics-1.19.0.jar;C:\Users\stasp\.m2\repository\io\opentelemetry\opentelemetry-sdk-logs\1.19.0-alpha\opentelemetry-sdk-logs-1.19.0-alpha.jar;C:\Users\stasp\.m2\repository\io\opentelemetry\opentelemetry-api-logs\1.19.0-alpha\opentelemetry-api-logs-1.19.0-alpha.jar;C:\Users\stasp\.m2\repository\io\opentelemetry\opentelemetry-sdk-common\1.19.0\opentelemetry-sdk-common-1.19.0.jar;C:\Users\stasp\.m2\repository\io\opentelemetry\opentelemetry-sdk-extension-autoconfigure-spi\1.19.0\opentelemetry-sdk-extension-autoconfigure-spi-1.19.0.jar;C:\Users\stasp\.m2\repository\io\opentelemetry\opentelemetry-sdk-extension-autoconfigure\1.19.0-alpha\opentelemetry-sdk-extension-autoconfigure-1.19.0-alpha.jar;C:\Users\stasp\.m2\repository\io\opentelemetry\opentelemetry-exporter-common\1.19.0\opentelemetry-exporter-common-1.19.0.jar;C:\Users\stasp\.m2\repository\io\opentelemetry\opentelemetry-sdk-trace\1.19.0\opentelemetry-sdk-trace-1.19.0.jar;C:\Users\stasp\.m2\repository\io\opentelemetry\opentelemetry-sdk\1.19.0\opentelemetry-sdk-1.19.0.jar;C:\Users\stasp\.m2\repository\io\opentelemetry\opentelemetry-semconv\1.19.0-alpha\opentelemetry-semconv-1.19.0-alpha.jar;C:\Users\stasp\.m2\repository\io\ous\jtoml\2.0.0\jtoml-2.0.0.jar;C:\Users\stasp\.m2\repository\net\bytebuddy\byte-buddy\1.12.18\byte-buddy-1.12.18.jar;C:\Users\stasp\.m2\repository\org\apache\commons\commons-exec\1.3\commons-exec-1.3.jar;C:\Users\stasp\.m2\repository\org\asynchttpclient\async-http-client\2.12.3\async-http-client-2.12.3.jar;C:\Users\stasp\.m2\repository\org\asynchttpclient\async-http-client-netty-utils\2.12.3\async-http-client-netty-utils-2.12.3.jar;C:\Users\stasp\.m2\repository\io\netty\netty-codec-socks\4.1.60.Final\netty-codec-socks-4.1.60.Final.jar;C:\Users\stasp\.m2\repository\io\netty\netty-handler-proxy\4.1.60.Final\netty-handler-proxy-4.1.60.Final.jar;C:\Users\stasp\.m2\repository\io\netty\netty-transport-native-epoll\4.1.60.Final\netty-transport-native-epoll-4.1.60.Final-linux-x86_64.jar;C:\Users\stasp\.m2\repository\io\netty\netty-transport-native-kqueue\4.1.60.Final\netty-transport-native-kqueue-4.1.60.Final-osx-x86_64.jar;C:\Users\stasp\.m2\repository\org\reactivestreams\reactive-streams\1.0.3\reactive-streams-1.0.3.jar;C:\Users\stasp\.m2\repository\com\typesafe\netty\netty-reactive-streams\2.0.4\netty-reactive-streams-2.0.4.jar;C:\Users\stasp\.m2\repository\com\sun\activation\jakarta.activation\1.2.2\jakarta.activation-1.2.2.jar;C:\Users\stasp\.m2\repository\org\seleniumhq\selenium\selenium-http\4.6.0\selenium-http-4.6.0.jar;C:\Users\stasp\.m2\repository\dev\failsafe\failsafe\3.3.0\failsafe-3.3.0.jar;C:\Users\stasp\.m2\repository\org\seleniumhq\selenium\selenium-manager\4.6.0\selenium-manager-4.6.0.jar;C:\Users\stasp\.m2\repository\org\seleniumhq\selenium\selenium-safari-driver\4.6.0\selenium-safari-driver-4.6.0.jar;C:\Users\stasp\.m2\repository\org\seleniumhq\selenium\selenium-support\4.6.0\selenium-support-4.6.0.jar;C:\Users\stasp\.m2\repository\io\github\bonigarcia\webdrivermanager\5.3.1\webdrivermanager-5.3.1.jar;C:\Users\stasp\.m2\repository\org\slf4j\slf4j-api\2.0.3\slf4j-api-2.0.3.jar;C:\Users\stasp\.m2\repository\com\google\code\gson\gson\2.10\gson-2.10.jar;C:\Users\stasp\.m2\repository\com\github\docker-java\docker-java\3.2.13\docker-java-3.2.13.jar;C:\Users\stasp\.m2\repository\com\github\docker-java\docker-java-core\3.2.13\docker-java-core-3.2.13.jar;C:\Users\stasp\.m2\repository\com\github\docker-java\docker-java-api\3.2.13\docker-java-api-3.2.13.jar;C:\Users\stasp\.m2\repository\com\fasterxml\jackson\core\jackson-annotations\2.10.3\jackson-annotations-2.10.3.jar;C:\Users\stasp\.m2\repository\org\apache\commons\commons-compress\1.21\commons-compress-1.21.jar;C:\Users\stasp\.m2\repository\com\fasterxml\jackson\core\jackson-databind\2.10.3\jackson-databind-2.10.3.jar;C:\Users\stasp\.m2\repository\com\fasterxml\jackson\core\jackson-core\2.10.3\jackson-core-2.10.3.jar;C:\Users\stasp\.m2\repository\org\bouncycastle\bcpkix-jdk15on\1.64\bcpkix-jdk15on-1.64.jar;C:\Users\stasp\.m2\repository\org\bouncycastle\bcprov-jdk15on\1.64\bcprov-jdk15on-1.64.jar;C:\Users\stasp\.m2\repository\org\slf4j\jcl-over-slf4j\1.7.30\jcl-over-slf4j-1.7.30.jar;C:\Users\stasp\.m2\repository\com\github\docker-java\docker-java-transport-httpclient5\3.2.13\docker-java-transport-httpclient5-3.2.13.jar;C:\Users\stasp\.m2\repository\com\github\docker-java\docker-java-transport\3.2.13\docker-java-transport-3.2.13.jar;C:\Users\stasp\.m2\repository\net\java\dev\jna\jna\5.8.0\jna-5.8.0.jar;C:\Users\stasp\.m2\repository\org\brotli\dec\0.1.2\dec-0.1.2.jar;C:\Users\stasp\.m2\repository\org\apache\commons\commons-lang3\3.12.0\commons-lang3-3.12.0.jar;C:\Users\stasp\.m2\repository\org\apache\httpcomponents\client5\httpclient5\5.1.3\httpclient5-5.1.3.jar;C:\Users\stasp\.m2\repository\org\apache\httpcomponents\core5\httpcore5\5.1.3\httpcore5-5.1.3.jar;C:\Users\stasp\.m2\repository\org\apache\httpcomponents\core5\httpcore5-h2\5.1.3\httpcore5-h2-5.1.3.jar;C:\Users\stasp\.m2\repository\commons-codec\commons-codec\1.15\commons-codec-1.15.jar;C:\Users\stasp\.m2\repository\org\slf4j\slf4j-log4j12\2.0.0-alpha5\slf4j-log4j12-2.0.0-alpha5.jar;C:\Users\stasp\.m2\repository\log4j\log4j\1.2.17\log4j-1.2.17.jar;C:\Users\stasp\.m2\repository\org\apache\logging\log4j\log4j-api\2.19.0\log4j-api-2.19.0.jar;C:\Users\stasp\.m2\repository\org\apache\logging\log4j\log4j-core\2.19.0\log4j-core-2.19.0.jar;C:\Users\stasp\.m2\repository\ru\yandex\qatools\ashot\ashot\1.5.4\ashot-1.5.4.jar;C:\Users\stasp\.m2\repository\commons-io\commons-io\2.5\commons-io-2.5.jar;C:\Users\stasp\.m2\repository\org\hamcrest\hamcrest-core\1.3\hamcrest-core-1.3.jar;C:\Users\stasp\.m2\repository\junit\junit\4.13.2\junit-4.13.2.jar;"/>
    <property name="sun.cpu.endian" value="little"/>
    <property name="user.home" value="C:\Users\stasp"/>
    <property name="user.language" value="ru"/>
    <property name="java.specification.vendor" value="Oracle Corporation"/>
    <property name="java.version.date" value="2022-08-18"/>
    <property name="java.home" value="C:\Program Files\Java\jdk-11.0.16.1"/>
    <property name="file.separator" value="\"/>
    <property name="basedir" value="C:\Users\stasp\Desktop\Rep\Cucumber\Cucumber"/>
    <property name="java.vm.compressedOopsMode" value="32-bit"/>
    <property name="line.separator" value="&#10;"/>
    <property name="java.specification.name" value="Java Platform API Specification"/>
    <property name="java.vm.specification.vendor" value="Oracle Corporation"/>
    <property name="java.awt.graphicsenv" value="sun.awt.Win32GraphicsEnvironment"/>
    <property name="surefire.real.class.path" value="C:\Users\stasp\AppData\Local\Temp\surefire11594743168794022551\surefirebooter6490525112887691641.jar"/>
    <property name="user.script" value=""/>
    <property name="sun.management.compiler" value="HotSpot 64-Bit Tiered Compilers"/>
    <property name="java.runtime.version" value="11.0.16.1+1-LTS-1"/>
    <property name="user.name" value="stasp"/>
    <property name="path.separator" value=";"/>
    <property name="os.version" value="10.0"/>
    <property name="java.runtime.name" value="Java(TM) SE Runtime Environment"/>
    <property name="file.encoding" value="Cp1251"/>
    <property name="java.vm.name" value="Java HotSpot(TM) 64-Bit Server VM"/>
    <property name="java.vendor.version" value="18.9"/>
    <property name="localRepository" value="C:\Users\stasp\.m2\repository"/>
    <property name="java.vendor.url.bug" value="https://bugreport.java.com/bugreport/"/>
    <property name="java.io.tmpdir" value="C:\Users\stasp\AppData\Local\Temp\"/>
    <property name="idea.version" value="2022.2.3"/>
    <property name="java.version" value="11.0.16.1"/>
    <property name="user.dir" value="C:\Users\stasp\Desktop\Rep\Cucumber\Cucumber"/>
    <property name="os.arch" value="amd64"/>
    <property name="java.vm.specification.name" value="Java Virtual Machine Specification"/>
    <property name="java.awt.printerjob" value="sun.awt.windows.WPrinterJob"/>
    <property name="sun.os.patch.level" value=""/>
    <property name="java.library.path" value="C:\Program Files\Java\jdk-11.0.16.1\bin;C:\WINDOWS\Sun\Java\bin;C:\WINDOWS\system32;C:\WINDOWS;C:\Program Files\Common Files\Oracle\Java\javapath;C:\gcc\bin;C:\gcc\libexec\gcc\x86_64-w64-mingw32\9.2.0;C:\Program Files (x86)\Common Files\Intel\OpenCL\windows\compiler\lib\intel64_win;C:\Program Files (x86)\Common Files\Intel\OpenCL\windows\compiler\lib\ia32_win;C:\Windows\system32;C:\Windows;C:\Windows\System32\Wbem;C:\Windows\System32\WindowsPowerShell\v1.0\;C:\Program Files (x86)\NVIDIA Corporation\PhysX\Common;C:\Program Files\Intel\WiFi\bin\;C:\Program Files\Common Files\Intel\WirelessCommon\;C:\WINDOWS\system32;C:\WINDOWS;C:\WINDOWS\System32\Wbem;C:\WINDOWS\System32\WindowsPowerShell\v1.0\;C:\WINDOWS\System32\OpenSSH\;C:\Program Files\NVIDIA Corporation\NVIDIA NvDLISR;C:\Program Files\PuTTY\;c:\Program Files (x86)\Microsoft SQL Server\100\Tools\Binn\;c:\Program Files (x86)\Microsoft SQL Server\100\DTS\Binn\;C:\Program Files\dotnet\;C:\Program Files\Microsoft SQL Server\130\Tools\Binn\;C:\Program Files\Microsoft SQL Server\Client SDK\ODBC\170\Tools\Binn\;C:\PHP;C:\ProgramData\ComposerSetup\bin;C:\Users\stasp\AppData\Local\Pro;C:\boost\include\boost-1_68\boost;C:\boost\lib;C:\boost\include\boost-1_68;C:\WINDOWS\system32;C:\WINDOWS;C:\WINDOWS\System32\Wbem;C:\WINDOWS\System32\WindowsPowerShell\v1.0\;C:\WINDOWS\System32\OpenSSH\;C:\Program Files\Java\jdk-11.0.16.1\bin;C:\MAIN\PROGRAMMS\apache-maven-3.8.6\bin;C:\Program Files\Git\cmd;C:\Users\stasp\AppData\Local\Programs\Python\Python38-32\Scripts\;C:\Users\stasp\AppData\Local\Programs\Python\Python38-32\;C:\Users\stasp\AppData\Local\Microsoft\WindowsApps;C:\Users\stasp\AppData\Roaming\Composer\vendor\bin;C:\Program Files\heroku\bin;C:\boost\include\boost-1_68\boost;C:\boost\include\boost-1_68;C:\boost\lib;;C:\Program Files\JetBrains\IntelliJ IDEA Community Edition 2022.2.3\bin;;."/>
    <property name="java.vendor" value="Oracle Corporation"/>
    <property name="java.vm.info" value="mixed mode"/>
    <property name="java.vm.version" value="11.0.16.1+1-LTS-1"/>
    <property name="sun.io.unicode.encoding" value="UnicodeLittle"/>
    <property name="java.class.version" value="55.0"/>
  </properties>
  <testcase name="Смартфоны - Просмотр страницы Смартфоны" classname="Смартфоны" time="18.24">
    <error message="The step &apos;Открыта страница &quot;Смартфоны&quot;&apos; and 1 other step(s) are undefined.&#10;You can implement these steps using the snippet(s) below:&#10;&#10;@Когда(&quot;Открыта страница {string}&quot;)&#10;public void открыта_страница(String string) {&#10;    // Write code here that turns the phrase above into concrete actions&#10;    throw new io.cucumber.java.PendingException();&#10;}&#10;@Когда(&quot;В фильтре {string} выбрано значение {string}&quot;)&#10;public void в_фильтре_выбрано_значение(String string, String string2) {&#10;    // Write code here that turns the phrase above into concrete actions&#10;    throw new io.cucumber.java.PendingException();&#10;}&#10;" type="io.cucumber.junit.platform.engine.UndefinedStepException">io.cucumber.junit.platform.engine.UndefinedStepException: 
The step 'Открыта страница "Смартфоны"' and 1 other step(s) are undefined.
You can implement these steps using the snippet(s) below:

@Когда("Открыта страница {string}")
public void открыта_страница(String string) {
    // Write code here that turns the phrase above into concrete actions
    throw new io.cucumber.java.PendingException();
}
@Когда("В фильтре {string} выбрано значение {string}")
public void в_фильтре_выбрано_значение(String string, String string2) {
    // Write code here that turns the phrase above into concrete actions
    throw new io.cucumber.java.PendingException();
}

</error>
    <system-out><![CDATA[[20:26:54.992] | INFO  | main                             | WebDriverFactory                 | Драйвер браузера Google Chrome
2022-12-10 20:26:55 INFO  WebDriverManager:1238 - Using chromedriver 108.0.5359.71 (resolved driver for Chrome 108)
2022-12-10 20:26:55 INFO  WebDriverManager:1291 - Exporting webdriver.chrome.driver as C:\Users\stasp\.cache\selenium\chromedriver\win32\108.0.5359.71\chromedriver.exe
[20:26:57.010] | INFO  | main                             | DriverHooks                      | Драйвер стартовал!
[20:26:57.948] | INFO  | main                             | ScreenShotHooks                  | Скриншот сохранен в файле [temp\Просмотр страницы Смартфоны-1670693217637.png]
[20:27:04.294] | INFO  | main                             | StartPage                        | Открыта страница https://www.dns-shop.ru/
[20:27:04.295] | INFO  | main                             | StartPageSteps                   | Страница [Стартовая страница DNS]: Открыта "Стартовая страница сайта DNS"
[20:27:05.489] | INFO  | main                             | ScreenShotHooks                  | Скриншот сохранен в файле [temp\Просмотр страницы Смартфоны-1670693225195.png]
[20:27:06.279] | INFO  | main                             | ScreenShotHooks                  | Скриншот сохранен в файле [temp\Просмотр страницы Смартфоны-1670693226098.png]
[20:27:10.101] | INFO  | main                             | StartPageSteps                   | Страница [Стартовая страница DNS]: Выполнен переход на страницу "Смартфоны"
[20:27:11.089] | INFO  | main                             | ScreenShotHooks                  | Скриншот сохранен в файле [temp\Просмотр страницы Смартфоны-1670693230893.png]
[20:27:11.712] | INFO  | main                             | ScreenShotHooks                  | Скриншот сохранен в файле [temp\Просмотр страницы Смартфоны-1670693231533.png]
[20:27:12.340] | INFO  | main                             | ScreenShotHooks                  | Скриншот сохранен в файле [temp\Просмотр страницы Смартфоны-1670693232151.png]
[20:27:13.210] | INFO  | main                             | DriverHooks                      | Драйвер остановлен!
]]></system-out>
    <system-err><![CDATA[Starting ChromeDriver 108.0.5359.71 (1e0e3868ee06e91ad636a874420e3ca3ae3756ac-refs/branch-heads/5359@{#1016}) on port 5435
Only local connections are allowed.
Please see https://chromedriver.chromium.org/security-considerations for suggestions on keeping ChromeDriver safe.
ChromeDriver was started successfully.
дек. 10, 2022 8:26:57 PM org.openqa.selenium.devtools.CdpVersionFinder findNearestMatch
WARNING: Unable to find an exact match for CDP version 108, so returning the closest version found: 107
]]></system-err>
  </testcase>
  <testcase name="Смартфоны - Проверка заголовка страницы Смартфоны" classname="Смартфоны" time="20.711">
    <error message="The step &apos;Открыта страница &quot;Смартфоны&quot;&apos; and 1 other step(s) are undefined.&#10;You can implement these steps using the snippet(s) below:&#10;&#10;@Когда(&quot;Открыта страница {string}&quot;)&#10;public void открыта_страница(String string) {&#10;    // Write code here that turns the phrase above into concrete actions&#10;    throw new io.cucumber.java.PendingException();&#10;}&#10;@Тогда(&quot;Проверка: Заголовок страницы {string} содержит текст {string}&quot;)&#10;public void проверка_заголовок_страницы_содержит_текст(String string, String string2) {&#10;    // Write code here that turns the phrase above into concrete actions&#10;    throw new io.cucumber.java.PendingException();&#10;}&#10;" type="io.cucumber.junit.platform.engine.UndefinedStepException">io.cucumber.junit.platform.engine.UndefinedStepException: 
The step 'Открыта страница "Смартфоны"' and 1 other step(s) are undefined.
You can implement these steps using the snippet(s) below:

@Когда("Открыта страница {string}")
public void открыта_страница(String string) {
    // Write code here that turns the phrase above into concrete actions
    throw new io.cucumber.java.PendingException();
}
@Тогда("Проверка: Заголовок страницы {string} содержит текст {string}")
public void проверка_заголовок_страницы_содержит_текст(String string, String string2) {
    // Write code here that turns the phrase above into concrete actions
    throw new io.cucumber.java.PendingException();
}

</error>
    <system-out><![CDATA[[20:27:13.271] | INFO  | main                             | WebDriverFactory                 | Драйвер браузера Google Chrome
2022-12-10 20:27:13 INFO  WebDriverManager:1238 - Using chromedriver 108.0.5359.71 (resolved driver for Chrome 108)
2022-12-10 20:27:13 INFO  WebDriverManager:1291 - Exporting webdriver.chrome.driver as C:\Users\stasp\.cache\selenium\chromedriver\win32\108.0.5359.71\chromedriver.exe
[20:27:17.705] | INFO  | main                             | DriverHooks                      | Драйвер стартовал!
[20:27:18.572] | INFO  | main                             | ScreenShotHooks                  | Скриншот сохранен в файле [temp\Проверка заголовка страницы Смартфоны-1670693238297.png]
[20:27:24.810] | INFO  | main                             | StartPage                        | Открыта страница https://www.dns-shop.ru/
[20:27:24.810] | INFO  | main                             | StartPageSteps                   | Страница [Стартовая страница DNS]: Открыта "Стартовая страница сайта DNS"
[20:27:26.022] | INFO  | main                             | ScreenShotHooks                  | Скриншот сохранен в файле [temp\Проверка заголовка страницы Смартфоны-1670693245826.png]
[20:27:26.763] | INFO  | main                             | ScreenShotHooks                  | Скриншот сохранен в файле [temp\Проверка заголовка страницы Смартфоны-1670693246573.png]
[20:27:30.863] | INFO  | main                             | StartPageSteps                   | Страница [Стартовая страница DNS]: Выполнен переход на страницу "Смартфоны"
[20:27:32.112] | INFO  | main                             | ScreenShotHooks                  | Скриншот сохранен в файле [temp\Проверка заголовка страницы Смартфоны-1670693251900.png]
[20:27:32.734] | INFO  | main                             | ScreenShotHooks                  | Скриншот сохранен в файле [temp\Проверка заголовка страницы Смартфоны-1670693252550.png]
[20:27:33.374] | INFO  | main                             | ScreenShotHooks                  | Скриншот сохранен в файле [temp\Проверка заголовка страницы Смартфоны-1670693253193.png]
[20:27:33.959] | INFO  | main                             | DriverHooks                      | Драйвер остановлен!
]]></system-out>
    <system-err><![CDATA[Starting ChromeDriver 108.0.5359.71 (1e0e3868ee06e91ad636a874420e3ca3ae3756ac-refs/branch-heads/5359@{#1016}) on port 25448
Only local connections are allowed.
Please see https://chromedriver.chromium.org/security-considerations for suggestions on keeping ChromeDriver safe.
ChromeDriver was started successfully.
дек. 10, 2022 8:27:17 PM org.openqa.selenium.devtools.CdpVersionFinder findNearestMatch
WARNING: Unable to find an exact match for CDP version 108, so returning the closest version found: 107
]]></system-err>
  </testcase>
  <testcase name="Смартфоны - Фильтрация и сортировка смартфонов на странице Смартфоны - Примеры - Example #1" classname="Смартфоны - Фильтрация и сортировка смартфонов на странице Смартфоны - Примеры" time="20.186">
    <error message="The step &apos;Открыта страница &quot;Смартфоны&quot;&apos; and 1 other step(s) are undefined.&#10;You can implement these steps using the snippet(s) below:&#10;&#10;@Когда(&quot;Открыта страница {string}&quot;)&#10;public void открыта_страница(String string) {&#10;    // Write code here that turns the phrase above into concrete actions&#10;    throw new io.cucumber.java.PendingException();&#10;}&#10;@Когда(&quot;В фильтре {string} выбрано значение {string}&quot;)&#10;public void в_фильтре_выбрано_значение(String string, String string2) {&#10;    // Write code here that turns the phrase above into concrete actions&#10;    throw new io.cucumber.java.PendingException();&#10;}&#10;" type="io.cucumber.junit.platform.engine.UndefinedStepException">io.cucumber.junit.platform.engine.UndefinedStepException: 
The step 'Открыта страница "Смартфоны"' and 1 other step(s) are undefined.
You can implement these steps using the snippet(s) below:

@Когда("Открыта страница {string}")
public void открыта_страница(String string) {
    // Write code here that turns the phrase above into concrete actions
    throw new io.cucumber.java.PendingException();
}
@Когда("В фильтре {string} выбрано значение {string}")
public void в_фильтре_выбрано_значение(String string, String string2) {
    // Write code here that turns the phrase above into concrete actions
    throw new io.cucumber.java.PendingException();
}

</error>
    <system-out><![CDATA[[20:27:34.038] | INFO  | main                             | WebDriverFactory                 | Драйвер браузера Google Chrome
2022-12-10 20:27:34 INFO  WebDriverManager:1238 - Using chromedriver 108.0.5359.71 (resolved driver for Chrome 108)
2022-12-10 20:27:34 INFO  WebDriverManager:1291 - Exporting webdriver.chrome.driver as C:\Users\stasp\.cache\selenium\chromedriver\win32\108.0.5359.71\chromedriver.exe
[20:27:37.990] | INFO  | main                             | DriverHooks                      | Драйвер стартовал!
[20:27:38.827] | INFO  | main                             | ScreenShotHooks                  | Скриншот сохранен в файле [temp\Фильтрация и сортировка смартфонов на странице Смартфоны-1670693258520.png]
[20:27:45.149] | INFO  | main                             | StartPage                        | Открыта страница https://www.dns-shop.ru/
[20:27:45.149] | INFO  | main                             | StartPageSteps                   | Страница [Стартовая страница DNS]: Открыта "Стартовая страница сайта DNS"
[20:27:46.324] | INFO  | main                             | ScreenShotHooks                  | Скриншот сохранен в файле [temp\Фильтрация и сортировка смартфонов на странице Смартфоны-1670693266032.png]
[20:27:47.059] | INFO  | main                             | ScreenShotHooks                  | Скриншот сохранен в файле [temp\Фильтрация и сортировка смартфонов на странице Смартфоны-1670693266877.png]
[20:27:51.138] | INFO  | main                             | StartPageSteps                   | Страница [Стартовая страница DNS]: Выполнен переход на страницу "Смартфоны"
[20:27:52.389] | INFO  | main                             | ScreenShotHooks                  | Скриншот сохранен в файле [temp\Фильтрация и сортировка смартфонов на странице Смартфоны-1670693272126.png]
[20:27:52.975] | INFO  | main                             | ScreenShotHooks                  | Скриншот сохранен в файле [temp\Фильтрация и сортировка смартфонов на странице Смартфоны-1670693272796.png]
[20:27:53.600] | INFO  | main                             | ScreenShotHooks                  | Скриншот сохранен в файле [temp\Фильтрация и сортировка смартфонов на странице Смартфоны-1670693273403.png]
[20:27:54.145] | INFO  | main                             | DriverHooks                      | Драйвер остановлен!
]]></system-out>
    <system-err><![CDATA[Starting ChromeDriver 108.0.5359.71 (1e0e3868ee06e91ad636a874420e3ca3ae3756ac-refs/branch-heads/5359@{#1016}) on port 17039
Only local connections are allowed.
Please see https://chromedriver.chromium.org/security-considerations for suggestions on keeping ChromeDriver safe.
ChromeDriver was started successfully.
дек. 10, 2022 8:27:37 PM org.openqa.selenium.devtools.CdpVersionFinder findNearestMatch
WARNING: Unable to find an exact match for CDP version 108, so returning the closest version found: 107
]]></system-err>
  </testcase>
  <testcase name="Смартфоны - Фильтрация и сортировка смартфонов на странице Смартфоны - Примеры - Example #2" classname="Смартфоны - Фильтрация и сортировка смартфонов на странице Смартфоны - Примеры" time="21.325">
    <error message="The step &apos;Открыта страница &quot;Смартфоны&quot;&apos; and 1 other step(s) are undefined.&#10;You can implement these steps using the snippet(s) below:&#10;&#10;@Когда(&quot;Открыта страница {string}&quot;)&#10;public void открыта_страница(String string) {&#10;    // Write code here that turns the phrase above into concrete actions&#10;    throw new io.cucumber.java.PendingException();&#10;}&#10;@Когда(&quot;В фильтре {string} выбрано значение {string}&quot;)&#10;public void в_фильтре_выбрано_значение(String string, String string2) {&#10;    // Write code here that turns the phrase above into concrete actions&#10;    throw new io.cucumber.java.PendingException();&#10;}&#10;" type="io.cucumber.junit.platform.engine.UndefinedStepException">io.cucumber.junit.platform.engine.UndefinedStepException: 
The step 'Открыта страница "Смартфоны"' and 1 other step(s) are undefined.
You can implement these steps using the snippet(s) below:

@Когда("Открыта страница {string}")
public void открыта_страница(String string) {
    // Write code here that turns the phrase above into concrete actions
    throw new io.cucumber.java.PendingException();
}
@Когда("В фильтре {string} выбрано значение {string}")
public void в_фильтре_выбрано_значение(String string, String string2) {
    // Write code here that turns the phrase above into concrete actions
    throw new io.cucumber.java.PendingException();
}

</error>
    <system-out><![CDATA[[20:27:54.290] | INFO  | main                             | WebDriverFactory                 | Драйвер браузера Google Chrome
2022-12-10 20:27:54 INFO  WebDriverManager:1238 - Using chromedriver 108.0.5359.71 (resolved driver for Chrome 108)
2022-12-10 20:27:54 INFO  WebDriverManager:1291 - Exporting webdriver.chrome.driver as C:\Users\stasp\.cache\selenium\chromedriver\win32\108.0.5359.71\chromedriver.exe
[20:27:58.532] | INFO  | main                             | DriverHooks                      | Драйвер стартовал!
[20:27:59.359] | INFO  | main                             | ScreenShotHooks                  | Скриншот сохранен в файле [temp\Фильтрация и сортировка смартфонов на странице Смартфоны-1670693279056.png]
[20:28:06.278] | INFO  | main                             | StartPage                        | Открыта страница https://www.dns-shop.ru/
[20:28:06.279] | INFO  | main                             | StartPageSteps                   | Страница [Стартовая страница DNS]: Открыта "Стартовая страница сайта DNS"
[20:28:07.183] | INFO  | main                             | ScreenShotHooks                  | Скриншот сохранен в файле [temp\Фильтрация и сортировка смартфонов на странице Смартфоны-1670693286973.png]
[20:28:07.969] | INFO  | main                             | ScreenShotHooks                  | Скриншот сохранен в файле [temp\Фильтрация и сортировка смартфонов на странице Смартфоны-1670693287780.png]
[20:28:12.056] | INFO  | main                             | StartPageSteps                   | Страница [Стартовая страница DNS]: Выполнен переход на страницу "Смартфоны"
[20:28:13.395] | INFO  | main                             | ScreenShotHooks                  | Скриншот сохранен в файле [temp\Фильтрация и сортировка смартфонов на странице Смартфоны-1670693293195.png]
[20:28:14.038] | INFO  | main                             | ScreenShotHooks                  | Скриншот сохранен в файле [temp\Фильтрация и сортировка смартфонов на странице Смартфоны-1670693293858.png]
[20:28:14.656] | INFO  | main                             | ScreenShotHooks                  | Скриншот сохранен в файле [temp\Фильтрация и сортировка смартфонов на странице Смартфоны-1670693294477.png]
[20:28:15.345] | INFO  | main                             | DriverHooks                      | Драйвер остановлен!
]]></system-out>
    <system-err><![CDATA[Starting ChromeDriver 108.0.5359.71 (1e0e3868ee06e91ad636a874420e3ca3ae3756ac-refs/branch-heads/5359@{#1016}) on port 34191
Only local connections are allowed.
Please see https://chromedriver.chromium.org/security-considerations for suggestions on keeping ChromeDriver safe.
ChromeDriver was started successfully.
дек. 10, 2022 8:27:58 PM org.openqa.selenium.devtools.CdpVersionFinder findNearestMatch
WARNING: Unable to find an exact match for CDP version 108, so returning the closest version found: 107
]]></system-err>
  </testcase>
  <testcase name="Смартфоны - Фильтрация и сортировка смартфонов на странице Смартфоны - Примеры - Example #3" classname="Смартфоны - Фильтрация и сортировка смартфонов на странице Смартфоны - Примеры" time="19.919">
    <error message="The step &apos;Открыта страница &quot;Смартфоны&quot;&apos; and 1 other step(s) are undefined.&#10;You can implement these steps using the snippet(s) below:&#10;&#10;@Когда(&quot;Открыта страница {string}&quot;)&#10;public void открыта_страница(String string) {&#10;    // Write code here that turns the phrase above into concrete actions&#10;    throw new io.cucumber.java.PendingException();&#10;}&#10;@Когда(&quot;В фильтре {string} выбрано значение {string}&quot;)&#10;public void в_фильтре_выбрано_значение(String string, String string2) {&#10;    // Write code here that turns the phrase above into concrete actions&#10;    throw new io.cucumber.java.PendingException();&#10;}&#10;" type="io.cucumber.junit.platform.engine.UndefinedStepException">io.cucumber.junit.platform.engine.UndefinedStepException: 
The step 'Открыта страница "Смартфоны"' and 1 other step(s) are undefined.
You can implement these steps using the snippet(s) below:

@Когда("Открыта страница {string}")
public void открыта_страница(String string) {
    // Write code here that turns the phrase above into concrete actions
    throw new io.cucumber.java.PendingException();
}
@Когда("В фильтре {string} выбрано значение {string}")
public void в_фильтре_выбрано_значение(String string, String string2) {
    // Write code here that turns the phrase above into concrete actions
    throw new io.cucumber.java.PendingException();
}

</error>
    <system-out><![CDATA[[20:28:15.602] | INFO  | main                             | WebDriverFactory                 | Драйвер браузера Google Chrome
2022-12-10 20:28:15 INFO  WebDriverManager:1238 - Using chromedriver 108.0.5359.71 (resolved driver for Chrome 108)
2022-12-10 20:28:15 INFO  WebDriverManager:1291 - Exporting webdriver.chrome.driver as C:\Users\stasp\.cache\selenium\chromedriver\win32\108.0.5359.71\chromedriver.exe
[20:28:19.676] | INFO  | main                             | DriverHooks                      | Драйвер стартовал!
[20:28:20.402] | INFO  | main                             | ScreenShotHooks                  | Скриншот сохранен в файле [temp\Фильтрация и сортировка смартфонов на странице Смартфоны-1670693300141.png]
[20:28:26.297] | INFO  | main                             | StartPage                        | Открыта страница https://www.dns-shop.ru/
[20:28:26.298] | INFO  | main                             | StartPageSteps                   | Страница [Стартовая страница DNS]: Открыта "Стартовая страница сайта DNS"
[20:28:27.443] | INFO  | main                             | ScreenShotHooks                  | Скриншот сохранен в файле [temp\Фильтрация и сортировка смартфонов на странице Смартфоны-1670693307216.png]
[20:28:28.363] | INFO  | main                             | ScreenShotHooks                  | Скриншот сохранен в файле [temp\Фильтрация и сортировка смартфонов на странице Смартфоны-1670693308125.png]
[20:28:32.516] | INFO  | main                             | StartPageSteps                   | Страница [Стартовая страница DNS]: Выполнен переход на страницу "Смартфоны"
[20:28:33.679] | INFO  | main                             | ScreenShotHooks                  | Скриншот сохранен в файле [temp\Фильтрация и сортировка смартфонов на странице Смартфоны-1670693313508.png]
[20:28:34.334] | INFO  | main                             | ScreenShotHooks                  | Скриншот сохранен в файле [temp\Фильтрация и сортировка смартфонов на странице Смартфоны-1670693314131.png]
[20:28:34.931] | INFO  | main                             | ScreenShotHooks                  | Скриншот сохранен в файле [temp\Фильтрация и сортировка смартфонов на странице Смартфоны-1670693314760.png]
[20:28:35.343] | INFO  | main                             | DriverHooks                      | Драйвер остановлен!
]]></system-out>
    <system-err><![CDATA[Starting ChromeDriver 108.0.5359.71 (1e0e3868ee06e91ad636a874420e3ca3ae3756ac-refs/branch-heads/5359@{#1016}) on port 4368
Only local connections are allowed.
Please see https://chromedriver.chromium.org/security-considerations for suggestions on keeping ChromeDriver safe.
ChromeDriver was started successfully.
дек. 10, 2022 8:28:19 PM org.openqa.selenium.devtools.CdpVersionFinder findNearestMatch
WARNING: Unable to find an exact match for CDP version 108, so returning the closest version found: 107
]]></system-err>
  </testcase>
  <testcase name="Смартфоны - Фильтрация и сортировка смартфонов на странице Смартфоны - Примеры - Example #4" classname="Смартфоны - Фильтрация и сортировка смартфонов на странице Смартфоны - Примеры" time="20.992">
    <error message="The step &apos;Открыта страница &quot;Смартфоны&quot;&apos; and 1 other step(s) are undefined.&#10;You can implement these steps using the snippet(s) below:&#10;&#10;@Когда(&quot;Открыта страница {string}&quot;)&#10;public void открыта_страница(String string) {&#10;    // Write code here that turns the phrase above into concrete actions&#10;    throw new io.cucumber.java.PendingException();&#10;}&#10;@Когда(&quot;В фильтре {string} выбрано значение {string}&quot;)&#10;public void в_фильтре_выбрано_значение(String string, String string2) {&#10;    // Write code here that turns the phrase above into concrete actions&#10;    throw new io.cucumber.java.PendingException();&#10;}&#10;" type="io.cucumber.junit.platform.engine.UndefinedStepException">io.cucumber.junit.platform.engine.UndefinedStepException: 
The step 'Открыта страница "Смартфоны"' and 1 other step(s) are undefined.
You can implement these steps using the snippet(s) below:

@Когда("Открыта страница {string}")
public void открыта_страница(String string) {
    // Write code here that turns the phrase above into concrete actions
    throw new io.cucumber.java.PendingException();
}
@Когда("В фильтре {string} выбрано значение {string}")
public void в_фильтре_выбрано_значение(String string, String string2) {
    // Write code here that turns the phrase above into concrete actions
    throw new io.cucumber.java.PendingException();
}

</error>
    <system-out><![CDATA[[20:28:35.506] | INFO  | main                             | WebDriverFactory                 | Драйвер браузера Google Chrome
2022-12-10 20:28:35 INFO  WebDriverManager:1238 - Using chromedriver 108.0.5359.71 (resolved driver for Chrome 108)
2022-12-10 20:28:35 INFO  WebDriverManager:1291 - Exporting webdriver.chrome.driver as C:\Users\stasp\.cache\selenium\chromedriver\win32\108.0.5359.71\chromedriver.exe
[20:28:39.924] | INFO  | main                             | DriverHooks                      | Драйвер стартовал!
[20:28:40.869] | INFO  | main                             | ScreenShotHooks                  | Скриншот сохранен в файле [temp\Фильтрация и сортировка смартфонов на странице Смартфоны-1670693320583.png]
[20:28:47.794] | INFO  | main                             | StartPage                        | Открыта страница https://www.dns-shop.ru/
[20:28:47.794] | INFO  | main                             | StartPageSteps                   | Страница [Стартовая страница DNS]: Открыта "Стартовая страница сайта DNS"
[20:28:48.684] | INFO  | main                             | ScreenShotHooks                  | Скриншот сохранен в файле [temp\Фильтрация и сортировка смартфонов на странице Смартфоны-1670693328456.png]
[20:28:49.305] | INFO  | main                             | ScreenShotHooks                  | Скриншот сохранен в файле [temp\Фильтрация и сортировка смартфонов на странице Смартфоны-1670693329123.png]
[20:28:53.340] | INFO  | main                             | StartPageSteps                   | Страница [Стартовая страница DNS]: Выполнен переход на страницу "Смартфоны"
[20:28:54.762] | INFO  | main                             | ScreenShotHooks                  | Скриншот сохранен в файле [temp\Фильтрация и сортировка смартфонов на странице Смартфоны-1670693334468.png]
[20:28:55.401] | INFO  | main                             | ScreenShotHooks                  | Скриншот сохранен в файле [temp\Фильтрация и сортировка смартфонов на странице Смартфоны-1670693335229.png]
[20:28:56.068] | INFO  | main                             | ScreenShotHooks                  | Скриншот сохранен в файле [temp\Фильтрация и сортировка смартфонов на странице Смартфоны-1670693335883.png]
[20:28:56.387] | INFO  | main                             | DriverHooks                      | Драйвер остановлен!
]]></system-out>
    <system-err><![CDATA[Starting ChromeDriver 108.0.5359.71 (1e0e3868ee06e91ad636a874420e3ca3ae3756ac-refs/branch-heads/5359@{#1016}) on port 3333
Only local connections are allowed.
Please see https://chromedriver.chromium.org/security-considerations for suggestions on keeping ChromeDriver safe.
ChromeDriver was started successfully.
дек. 10, 2022 8:28:39 PM org.openqa.selenium.devtools.CdpVersionFinder findNearestMatch
WARNING: Unable to find an exact match for CDP version 108, so returning the closest version found: 107
]]></system-err>
  </testcase>
  <testcase name="Смартфоны - Таблица с одной колонкой" classname="Смартфоны" time="7.801">
    <error message="no such window: target window already closed&#10;from unknown error: web view not found&#10;  (Session info: chrome=108.0.5359.99)&#10;Build info: version: &apos;4.6.0&apos;, revision: &apos;79f1c02ae20&apos;&#10;System info: os.name: &apos;Windows 10&apos;, os.arch: &apos;amd64&apos;, os.version: &apos;10.0&apos;, java.version: &apos;11.0.16.1&apos;&#10;Driver info: org.openqa.selenium.chrome.ChromeDriver&#10;Command: [e1eacd8103e825d1b6159e0c649facfc, screenshot {}]&#10;Capabilities {acceptInsecureCerts: true, browserName: chrome, browserVersion: 108.0.5359.99, chrome: {chromedriverVersion: 108.0.5359.71 (1e0e3868ee06..., userDataDir: C:\Users\stasp\AppData\Loca...}, goog:chromeOptions: {debuggerAddress: localhost:64966}, networkConnectionEnabled: false, pageLoadStrategy: normal, platformName: WINDOWS, proxy: Proxy(), se:cdp: ws://localhost:64966/devtoo..., se:cdpVersion: 108.0.5359.99, setWindowRect: true, strictFileInteractability: false, timeouts: {implicit: 0, pageLoad: 300000, script: 30000}, unhandledPromptBehavior: dismiss and notify, webauthn:extension:credBlob: true, webauthn:extension:largeBlob: true, webauthn:virtualAuthenticators: true}&#10;Session ID: e1eacd8103e825d1b6159e0c649facfc" type="org.openqa.selenium.NoSuchWindowException">org.openqa.selenium.NoSuchWindowException: 
no such window: target window already closed
from unknown error: web view not found
  (Session info: chrome=108.0.5359.99)
Build info: version: '4.6.0', revision: '79f1c02ae20'
System info: os.name: 'Windows 10', os.arch: 'amd64', os.version: '10.0', java.version: '11.0.16.1'
Driver info: org.openqa.selenium.chrome.ChromeDriver
Command: [e1eacd8103e825d1b6159e0c649facfc, screenshot {}]
Capabilities {acceptInsecureCerts: true, browserName: chrome, browserVersion: 108.0.5359.99, chrome: {chromedriverVersion: 108.0.5359.71 (1e0e3868ee06..., userDataDir: C:\Users\stasp\AppData\Loca...}, goog:chromeOptions: {debuggerAddress: localhost:64966}, networkConnectionEnabled: false, pageLoadStrategy: normal, platformName: WINDOWS, proxy: Proxy(), se:cdp: ws://localhost:64966/devtoo..., se:cdpVersion: 108.0.5359.99, setWindowRect: true, strictFileInteractability: false, timeouts: {implicit: 0, pageLoad: 300000, script: 30000}, unhandledPromptBehavior: dismiss and notify, webauthn:extension:credBlob: true, webauthn:extension:largeBlob: true, webauthn:virtualAuthenticators: true}
Session ID: e1eacd8103e825d1b6159e0c649facfc
</error>
    <system-out><![CDATA[[20:28:56.474] | INFO  | main                             | WebDriverFactory                 | Драйвер браузера Google Chrome
2022-12-10 20:28:56 INFO  WebDriverManager:1238 - Using chromedriver 108.0.5359.71 (resolved driver for Chrome 108)
2022-12-10 20:28:56 INFO  WebDriverManager:1291 - Exporting webdriver.chrome.driver as C:\Users\stasp\.cache\selenium\chromedriver\win32\108.0.5359.71\chromedriver.exe
[20:29:01.294] | INFO  | main                             | DriverHooks                      | Драйвер стартовал!
[20:29:02.220] | INFO  | main                             | ScreenShotHooks                  | Скриншот сохранен в файле [temp\Таблица с одной колонкой-1670693341847.png]
[20:29:03.683] | INFO  | main                             | StartPage                        | Открыта страница https://www.dns-shop.ru/
[20:29:03.683] | INFO  | main                             | StartPageSteps                   | Страница [Стартовая страница DNS]: Открыта "Стартовая страница сайта DNS"
[20:29:04.189] | INFO  | main                             | DriverHooks                      | Драйвер остановлен!
]]></system-out>
    <system-err><![CDATA[Starting ChromeDriver 108.0.5359.71 (1e0e3868ee06e91ad636a874420e3ca3ae3756ac-refs/branch-heads/5359@{#1016}) on port 35105
Only local connections are allowed.
Please see https://chromedriver.chromium.org/security-considerations for suggestions on keeping ChromeDriver safe.
ChromeDriver was started successfully.
дек. 10, 2022 8:29:01 PM org.openqa.selenium.devtools.CdpVersionFinder findNearestMatch
WARNING: Unable to find an exact match for CDP version 108, so returning the closest version found: 107
]]></system-err>
  </testcase>
  <testcase name="Смартфоны - Таблица с двумя колонками" classname="Смартфоны" time="7.519">
    <error message="no such window: target window already closed&#10;from unknown error: web view not found&#10;  (Session info: chrome=108.0.5359.99)&#10;Build info: version: &apos;4.6.0&apos;, revision: &apos;79f1c02ae20&apos;&#10;System info: os.name: &apos;Windows 10&apos;, os.arch: &apos;amd64&apos;, os.version: &apos;10.0&apos;, java.version: &apos;11.0.16.1&apos;&#10;Driver info: org.openqa.selenium.chrome.ChromeDriver&#10;Command: [46c3c341cc75e8f7768323bc678ecb6d, screenshot {}]&#10;Capabilities {acceptInsecureCerts: true, browserName: chrome, browserVersion: 108.0.5359.99, chrome: {chromedriverVersion: 108.0.5359.71 (1e0e3868ee06..., userDataDir: C:\Users\stasp\AppData\Loca...}, goog:chromeOptions: {debuggerAddress: localhost:65002}, networkConnectionEnabled: false, pageLoadStrategy: normal, platformName: WINDOWS, proxy: Proxy(), se:cdp: ws://localhost:65002/devtoo..., se:cdpVersion: 108.0.5359.99, setWindowRect: true, strictFileInteractability: false, timeouts: {implicit: 0, pageLoad: 300000, script: 30000}, unhandledPromptBehavior: dismiss and notify, webauthn:extension:credBlob: true, webauthn:extension:largeBlob: true, webauthn:virtualAuthenticators: true}&#10;Session ID: 46c3c341cc75e8f7768323bc678ecb6d" type="org.openqa.selenium.NoSuchWindowException">org.openqa.selenium.NoSuchWindowException: 
no such window: target window already closed
from unknown error: web view not found
  (Session info: chrome=108.0.5359.99)
Build info: version: '4.6.0', revision: '79f1c02ae20'
System info: os.name: 'Windows 10', os.arch: 'amd64', os.version: '10.0', java.version: '11.0.16.1'
Driver info: org.openqa.selenium.chrome.ChromeDriver
Command: [46c3c341cc75e8f7768323bc678ecb6d, screenshot {}]
Capabilities {acceptInsecureCerts: true, browserName: chrome, browserVersion: 108.0.5359.99, chrome: {chromedriverVersion: 108.0.5359.71 (1e0e3868ee06..., userDataDir: C:\Users\stasp\AppData\Loca...}, goog:chromeOptions: {debuggerAddress: localhost:65002}, networkConnectionEnabled: false, pageLoadStrategy: normal, platformName: WINDOWS, proxy: Proxy(), se:cdp: ws://localhost:65002/devtoo..., se:cdpVersion: 108.0.5359.99, setWindowRect: true, strictFileInteractability: false, timeouts: {implicit: 0, pageLoad: 300000, script: 30000}, unhandledPromptBehavior: dismiss and notify, webauthn:extension:credBlob: true, webauthn:extension:largeBlob: true, webauthn:virtualAuthenticators: true}
Session ID: 46c3c341cc75e8f7768323bc678ecb6d
</error>
    <system-out><![CDATA[[20:29:04.347] | INFO  | main                             | WebDriverFactory                 | Драйвер браузера Google Chrome
2022-12-10 20:29:04 INFO  WebDriverManager:1238 - Using chromedriver 108.0.5359.71 (resolved driver for Chrome 108)
2022-12-10 20:29:04 INFO  WebDriverManager:1291 - Exporting webdriver.chrome.driver as C:\Users\stasp\.cache\selenium\chromedriver\win32\108.0.5359.71\chromedriver.exe
[20:29:08.652] | INFO  | main                             | DriverHooks                      | Драйвер стартовал!
[20:29:09.537] | INFO  | main                             | ScreenShotHooks                  | Скриншот сохранен в файле [temp\Таблица с двумя колонками-1670693349252.png]
[20:29:11.358] | INFO  | main                             | StartPage                        | Открыта страница https://www.dns-shop.ru/
[20:29:11.359] | INFO  | main                             | StartPageSteps                   | Страница [Стартовая страница DNS]: Открыта "Стартовая страница сайта DNS"
[20:29:11.704] | INFO  | main                             | DriverHooks                      | Драйвер остановлен!
]]></system-out>
    <system-err><![CDATA[Starting ChromeDriver 108.0.5359.71 (1e0e3868ee06e91ad636a874420e3ca3ae3756ac-refs/branch-heads/5359@{#1016}) on port 36252
Only local connections are allowed.
Please see https://chromedriver.chromium.org/security-considerations for suggestions on keeping ChromeDriver safe.
ChromeDriver was started successfully.
дек. 10, 2022 8:29:08 PM org.openqa.selenium.devtools.CdpVersionFinder findNearestMatch
WARNING: Unable to find an exact match for CDP version 108, so returning the closest version found: 107
]]></system-err>
  </testcase>
  <testcase name="Смартфоны - Таблица с тремя колонками" classname="Смартфоны" time="12.956">
    <error message="no such window: target window already closed&#10;from unknown error: web view not found&#10;  (Session info: chrome=108.0.5359.99)&#10;Build info: version: &apos;4.6.0&apos;, revision: &apos;79f1c02ae20&apos;&#10;System info: os.name: &apos;Windows 10&apos;, os.arch: &apos;amd64&apos;, os.version: &apos;10.0&apos;, java.version: &apos;11.0.16.1&apos;&#10;Driver info: org.openqa.selenium.chrome.ChromeDriver&#10;Command: [326e5bca46d6bfc1d214e049b7800816, screenshot {}]&#10;Capabilities {acceptInsecureCerts: true, browserName: chrome, browserVersion: 108.0.5359.99, chrome: {chromedriverVersion: 108.0.5359.71 (1e0e3868ee06..., userDataDir: C:\Users\stasp\AppData\Loca...}, goog:chromeOptions: {debuggerAddress: localhost:65046}, networkConnectionEnabled: false, pageLoadStrategy: normal, platformName: WINDOWS, proxy: Proxy(), se:cdp: ws://localhost:65046/devtoo..., se:cdpVersion: 108.0.5359.99, setWindowRect: true, strictFileInteractability: false, timeouts: {implicit: 0, pageLoad: 300000, script: 30000}, unhandledPromptBehavior: dismiss and notify, webauthn:extension:credBlob: true, webauthn:extension:largeBlob: true, webauthn:virtualAuthenticators: true}&#10;Session ID: 326e5bca46d6bfc1d214e049b7800816" type="org.openqa.selenium.NoSuchWindowException">org.openqa.selenium.NoSuchWindowException: 
no such window: target window already closed
from unknown error: web view not found
  (Session info: chrome=108.0.5359.99)
Build info: version: '4.6.0', revision: '79f1c02ae20'
System info: os.name: 'Windows 10', os.arch: 'amd64', os.version: '10.0', java.version: '11.0.16.1'
Driver info: org.openqa.selenium.chrome.ChromeDriver
Command: [326e5bca46d6bfc1d214e049b7800816, screenshot {}]
Capabilities {acceptInsecureCerts: true, browserName: chrome, browserVersion: 108.0.5359.99, chrome: {chromedriverVersion: 108.0.5359.71 (1e0e3868ee06..., userDataDir: C:\Users\stasp\AppData\Loca...}, goog:chromeOptions: {debuggerAddress: localhost:65046}, networkConnectionEnabled: false, pageLoadStrategy: normal, platformName: WINDOWS, proxy: Proxy(), se:cdp: ws://localhost:65046/devtoo..., se:cdpVersion: 108.0.5359.99, setWindowRect: true, strictFileInteractability: false, timeouts: {implicit: 0, pageLoad: 300000, script: 30000}, unhandledPromptBehavior: dismiss and notify, webauthn:extension:credBlob: true, webauthn:extension:largeBlob: true, webauthn:virtualAuthenticators: true}
Session ID: 326e5bca46d6bfc1d214e049b7800816
</error>
    <system-out><![CDATA[[20:29:11.744] | INFO  | main                             | WebDriverFactory                 | Драйвер браузера Google Chrome
2022-12-10 20:29:11 INFO  WebDriverManager:1238 - Using chromedriver 108.0.5359.71 (resolved driver for Chrome 108)
2022-12-10 20:29:11 INFO  WebDriverManager:1291 - Exporting webdriver.chrome.driver as C:\Users\stasp\.cache\selenium\chromedriver\win32\108.0.5359.71\chromedriver.exe
[20:29:16.415] | INFO  | main                             | DriverHooks                      | Драйвер стартовал!
[20:29:17.025] | INFO  | main                             | ScreenShotHooks                  | Скриншот сохранен в файле [temp\Таблица с тремя колонками-1670693356853.png]
[20:29:24.223] | INFO  | main                             | StartPage                        | Открыта страница https://www.dns-shop.ru/
[20:29:24.224] | INFO  | main                             | StartPageSteps                   | Страница [Стартовая страница DNS]: Открыта "Стартовая страница сайта DNS"
[20:29:24.662] | INFO  | main                             | DriverHooks                      | Драйвер остановлен!
]]></system-out>
    <system-err><![CDATA[Starting ChromeDriver 108.0.5359.71 (1e0e3868ee06e91ad636a874420e3ca3ae3756ac-refs/branch-heads/5359@{#1016}) on port 10609
Only local connections are allowed.
Please see https://chromedriver.chromium.org/security-considerations for suggestions on keeping ChromeDriver safe.
ChromeDriver was started successfully.
дек. 10, 2022 8:29:16 PM org.openqa.selenium.devtools.CdpVersionFinder findNearestMatch
WARNING: Unable to find an exact match for CDP version 108, so returning the closest version found: 107
]]></system-err>
  </testcase>
</testsuite>